Exception in thread "main" java.lang.UnsupportedOperationException: Can not open non-existing file in read-only mode.
	at org.mapdb.DBMaker.makeEngine(DBMaker.java:701)
	at org.mapdb.DBMaker.make(DBMaker.java:665)
	at be.panako.strategy.nfft.storage.NFFTMapDBStorage.<init>(Unknown Source)
	at be.panako.strategy.nfft.storage.NFFTMapDBStorage.getInstance(Unknown Source)
	at be.panako.strategy.nfft.NFFTStrategy.<init>(Unknown Source)
	at be.panako.strategy.Strategy.getInstance(Unknown Source)
	at be.panako.cli.Panako.actuallyStartApplication(Unknown Source)
	at be.panako.cli.Panako.startApplication(Unknown Source)
	at be.panako.cli.Panako.main(Unknown Source)
Exception in thread "main" java.lang.UnsupportedOperationException: Can not open non-existing file in read-only mode.
	at org.mapdb.DBMaker.makeEngine(DBMaker.java:701)
	at org.mapdb.DBMaker.make(DBMaker.java:665)
	at be.panako.strategy.nfft.storage.NFFTMapDBStorage.<init>(Unknown Source)
	at be.panako.strategy.nfft.storage.NFFTMapDBStorage.getInstance(Unknown Source)
	at be.panako.strategy.nfft.NFFTStrategy.<init>(Unknown Source)
	at be.panako.strategy.Strategy.getInstance(Unknown Source)
	at be.panako.cli.Panako.actuallyStartApplication(Unknown Source)
	at be.panako.cli.Panako.startApplication(Unknown Source)
	at be.panako.cli.Panako.main(Unknown Source)
