20150623_191816
/Users/mat-mac/Desktop/segmentator-3/segmentator/audio/2014-03-26_WKYC_News/overlap-clips/2014-03-26_WKYC_News_0070_0085.mp3 matched with 2014-03-26_WKYC_News_Commercial_FleetwoodMac.mp3
score:5.0; time:-3.6223127841949463; match time start:0.0; match time stop:15.025397300720215
/Users/mat-mac/Desktop/segmentator-3/segmentator/audio/2014-03-26_WKYC_News/overlap-clips/2014-03-26_WKYC_News_0091_0106.mp3 matched with 2014-03-26_WKYC_News_Commercial_OhioLocal.mp3
score:20.0; time:1.1842176914215088; match time start:0.0; match time stop:15.025397300720215
/Users/mat-mac/Desktop/segmentator-3/segmentator/audio/2014-03-26_WKYC_News/overlap-clips/2014-03-26_WKYC_News_0105_0120.mp3 matched with 2014-03-26_WKYC_News_Commercial_OhioLocal.mp3
score:5.0; time:15.185850143432617; match time start:0.0; match time stop:15.025397300720215
/Users/mat-mac/Desktop/segmentator-3/segmentator/audio/2014-03-26_WKYC_News/overlap-clips/2014-03-26_WKYC_News_0609_0624.mp3 matched with 2014-03-26_WKYC_News_Commercial_ToyotaTwo.mp3
score:13.0; time:-2.554194927215576; match time start:0.0; match time stop:15.025397300720215
/Users/mat-mac/Desktop/segmentator-3/segmentator/audio/2014-03-26_WKYC_News/overlap-clips/2014-03-26_WKYC_News_0623_0638.mp3 matched with 2014-03-26_WKYC_News_Commercial_RockCasino.mp3
score:5.0; time:-3.529433012008667; match time start:0.0; match time stop:15.025397300720215
/Users/mat-mac/Desktop/segmentator-3/segmentator/audio/2014-03-26_WKYC_News/overlap-clips/2014-03-26_WKYC_News_0616_0631.mp3 matched with 2014-03-26_WKYC_News_Commercial_Toyota.mp3
score:8.0; time:4.6207709312438965; match time start:0.0; match time stop:15.025397300720215
/Users/mat-mac/Desktop/segmentator-3/segmentator/audio/2014-03-26_WKYC_News/overlap-clips/2014-03-26_WKYC_News_0637_0652.mp3 matched with 2014-03-26_WKYC_News_Commercial_RockCasino.mp3
score:6.0; time:10.4954195022583; match time start:0.0; match time stop:15.025397300720215
/Users/mat-mac/Desktop/segmentator-3/segmentator/audio/2014-03-26_WKYC_News/overlap-clips/2014-03-26_WKYC_News_0658_0673.mp3 matched with 2014-03-26_WKYC_News_Commercial_LibertyAutos.mp3
score:6.0; time:1.4628571271896362; match time start:0.0; match time stop:15.025397300720215
/Users/mat-mac/Desktop/segmentator-3/segmentator/audio/2014-03-26_WKYC_News/overlap-clips/2014-03-26_WKYC_News_0651_0666.mp3 matched with 2014-03-26_WKYC_News_Commercial_LibertyAutos.mp3
score:5.0; time:-5.503129005432129; match time start:0.0; match time stop:15.025397300720215
/Users/mat-mac/Desktop/segmentator-3/segmentator/audio/2014-03-26_WKYC_News/overlap-clips/2014-03-26_WKYC_News_0665_0680.mp3 matched with 2014-03-26_WKYC_News_Commercial_LibertyAutos.mp3
score:8.0; time:8.498503684997559; match time start:0.0; match time stop:15.025397300720215
/Users/mat-mac/Desktop/segmentator-3/segmentator/audio/2014-03-26_WKYC_News/overlap-clips/2014-03-26_WKYC_News_0679_0694.mp3 matched with 2014-03-26_WKYC_News_Commercial_LibertyAutos.mp3
score:4.0; time:22.45369529724121; match time start:0.0; match time stop:15.025397300720215
/Users/mat-mac/Desktop/segmentator-3/segmentator/audio/2014-03-26_WKYC_News/overlap-clips/2014-03-26_WKYC_News_0672_0687.mp3 matched with 2014-03-26_WKYC_News_Commercial_LibertyAutos.mp3
score:5.0; time:15.464489936828613; match time start:0.0; match time stop:15.025397300720215
/Users/mat-mac/Desktop/segmentator-3/segmentator/audio/2014-03-26_WKYC_News/overlap-clips/2014-03-26_WKYC_News_0686_0701.mp3 matched with 2014-03-26_WKYC_News_Commercial_IssueSevenYes.mp3
score:8.0; time:-0.5340589284896851; match time start:0.0; match time stop:15.025397300720215
/Users/mat-mac/Desktop/segmentator-3/segmentator/audio/2014-03-26_WKYC_News/overlap-clips/2014-03-26_WKYC_News_0707_0722.mp3 matched with 2014-03-26_WKYC_News_Commercial_IssueSevenYes.mp3
score:4.0; time:20.45677947998047; match time start:0.0; match time stop:15.025397300720215
/Users/mat-mac/Desktop/segmentator-3/segmentator/audio/2014-03-26_WKYC_News/overlap-clips/2014-03-26_WKYC_News_1015_1030.mp3 matched with 2014-03-26_WKYC_News_Commercial_CarDeals.mp3
score:8.0; time:-5.619228839874268; match time start:0.0; match time stop:15.025397300720215
/Users/mat-mac/Desktop/segmentator-3/segmentator/audio/2014-03-26_WKYC_News/overlap-clips/2014-03-26_WKYC_News_1029_1044.mp3 matched with 2014-03-26_WKYC_News_Commercial_CarDeals.mp3
score:6.0; time:8.382403373718262; match time start:0.0; match time stop:15.025397300720215
/Users/mat-mac/Desktop/segmentator-3/segmentator/audio/2014-03-26_WKYC_News/overlap-clips/2014-03-26_WKYC_News_1036_1051.mp3 matched with 2014-03-26_WKYC_News_Commercial_HeroinDeaths.mp3
score:7.0; time:0.30185940861701965; match time start:0.0; match time stop:15.025397300720215
/Users/mat-mac/Desktop/segmentator-3/segmentator/audio/2014-03-26_WKYC_News/overlap-clips/2014-03-26_WKYC_News_1050_1065.mp3 matched with 2014-03-26_WKYC_News_Commercial_SmoothMusic.mp3
score:8.0; time:-0.7894784212112427; match time start:0.0; match time stop:15.025397300720215
/Users/mat-mac/Desktop/segmentator-3/segmentator/audio/2014-03-26_WKYC_News/overlap-clips/2014-03-26_WKYC_News_1071_1086.mp3 matched with 2014-03-26_WKYC_News_Commercial_ClevelandCarShow.mp3
score:4.0; time:5.294149398803711; match time start:0.0; match time stop:15.025397300720215
/Users/mat-mac/Desktop/segmentator-3/segmentator/audio/2014-03-26_WKYC_News/overlap-clips/2014-03-26_WKYC_News_1064_1079.mp3 matched with 2014-03-26_WKYC_News_Commercial_ClevelandCarShow.mp3
score:4.0; time:-1.6718367338180542; match time start:0.0; match time stop:15.025397300720215
/Users/mat-mac/Desktop/segmentator-3/segmentator/audio/2014-03-26_WKYC_News/overlap-clips/2014-03-26_WKYC_News_1085_1100.mp3 matched with 2014-03-26_WKYC_News_Commercial_ClevelandCarShow.mp3
score:5.0; time:19.2957820892334; match time start:0.0; match time stop:15.025397300720215
/Users/mat-mac/Desktop/segmentator-3/segmentator/audio/2014-03-26_WKYC_News/overlap-clips/2014-03-26_WKYC_News_1099_1114.mp3 matched with 2014-03-26_WKYC_News_Commercial_ValueCityFurniture].mp3
score:6.0; time:3.320453405380249; match time start:0.0; match time stop:15.025397300720215
/Users/mat-mac/Desktop/segmentator-3/segmentator/audio/2014-03-26_WKYC_News/overlap-clips/2014-03-26_WKYC_News_1127_1142.mp3 matched with 2014-03-26_WKYC_News_Commercial_CarDeals2.mp3
score:11.0; time:0.5804988741874695; match time start:0.0; match time stop:15.025397300720215
/Users/mat-mac/Desktop/segmentator-3/segmentator/audio/2014-03-26_WKYC_News/overlap-clips/2014-03-26_WKYC_News_1113_1128.mp3 matched with 2014-03-26_WKYC_News_Commercial_ValueCityFurniture].mp3
score:5.0; time:17.322086334228516; match time start:0.0; match time stop:15.025397300720215
/Users/mat-mac/Desktop/segmentator-3/segmentator/audio/2014-03-26_WKYC_News/overlap-clips/2014-03-26_WKYC_News_1421_1436.mp3 matched with 2014-03-26_WKYC_News_Commercial_RandomJingle.mp3
score:6.0; time:-7.430385589599609; match time start:0.0; match time stop:15.025397300720215
/Users/mat-mac/Desktop/segmentator-3/segmentator/audio/2014-03-26_WKYC_News/overlap-clips/2014-03-26_WKYC_News_1435_1450.mp3 matched with 2014-03-26_WKYC_News_Commercial_DrivingSuccess.mp3
score:4.0; time:-8.73070240020752; match time start:0.0; match time stop:15.025397300720215
/Users/mat-mac/Desktop/segmentator-3/segmentator/audio/2014-03-26_WKYC_News/overlap-clips/2014-03-26_WKYC_News_1449_1464.mp3 matched with 2014-03-26_WKYC_News_Commercial_DrivingSuccess.mp3
score:8.0; time:5.27092981338501; match time start:0.0; match time stop:15.025397300720215
/Users/mat-mac/Desktop/segmentator-3/segmentator/audio/2014-03-26_WKYC_News/overlap-clips/2014-03-26_WKYC_News_1463_1478.mp3 matched with 2014-03-26_WKYC_News_Commercial_DrivingSuccess.mp3
score:11.0; time:19.27256202697754; match time start:0.0; match time stop:15.025397300720215
/Users/mat-mac/Desktop/segmentator-3/segmentator/audio/2014-03-26_WKYC_News/overlap-clips/2014-03-26_WKYC_News_1505_1520.mp3 matched with 2014-03-26_WKYC_News_Commercial_MastercardPlatinum.mp3
score:12.0; time:1.4164172410964966; match time start:0.0; match time stop:15.025397300720215
/Users/mat-mac/Desktop/segmentator-3/segmentator/audio/2014-03-26_WKYC_News/overlap-clips/2014-03-26_WKYC_News_1519_1534.mp3 matched with 2014-03-26_WKYC_News_Commercial_MastercardPlatinum.mp3
score:10.0; time:15.418049812316895; match time start:0.0; match time stop:15.025397300720215
/Users/mat-mac/Desktop/segmentator-3/segmentator/audio/2014-03-26_WKYC_News/overlap-clips/2014-03-26_WKYC_News_1512_1527.mp3 matched with 2014-03-26_WKYC_News_Commercial_MastercardPlatinum.mp3
score:5.0; time:8.42884349822998; match time start:0.0; match time stop:15.025397300720215
/Users/mat-mac/Desktop/segmentator-3/segmentator/audio/2014-03-26_WKYC_News/overlap-clips/2014-03-26_WKYC_News_1568_1583.mp3 matched with 2014-03-26_WKYC_News_Commercial_TonightOnChannel3.mp3
score:10.0; time:4.435011386871338; match time start:0.0; match time stop:15.025397300720215
/Users/mat-mac/Desktop/segmentator-3/segmentator/audio/2014-03-26_WKYC_News/overlap-clips/2014-03-26_WKYC_News_1715_1730.mp3 matched with 2014-03-26_WKYC_News_Commercial_ColestherolCereal.mp3
score:4.0; time:-3.529433012008667; match time start:0.0; match time stop:15.025397300720215
/Users/mat-mac/Desktop/segmentator-3/segmentator/audio/2014-03-26_WKYC_News/overlap-clips/2014-03-26_WKYC_News_1722_1737.mp3 matched with 2014-03-26_WKYC_News_Commercial_ColestherolCereal.mp3
score:4.0; time:3.4829931259155273; match time start:0.0; match time stop:15.025397300720215
/Users/mat-mac/Desktop/segmentator-3/segmentator/audio/2014-03-26_WKYC_News/overlap-clips/2014-03-26_WKYC_News_1729_1744.mp3 matched with 2014-03-26_WKYC_News_Commercial_ColestherolCereal.mp3
score:4.0; time:10.472199440002441; match time start:0.0; match time stop:15.025397300720215
/Users/mat-mac/Desktop/segmentator-3/segmentator/audio/2014-03-26_WKYC_News/overlap-clips/2014-03-26_WKYC_News_1743_1758.mp3 matched with 2014-03-26_WKYC_News_Commercial_GreatLakeHyundai.mp3
score:6.0; time:-5.38702917098999; match time start:0.0; match time stop:15.025397300720215
/Users/mat-mac/Desktop/segmentator-3/segmentator/audio/2014-03-26_WKYC_News/overlap-clips/2014-03-26_WKYC_News_1778_1793.mp3 matched with 2014-03-26_WKYC_News_Commercial_RuthCandles.mp3
score:4.0; time:-0.1160997748374939; match time start:0.0; match time stop:15.025397300720215
/Users/mat-mac/Desktop/segmentator-3/segmentator/audio/2014-03-26_WKYC_News/overlap-clips/2014-03-26_WKYC_News_1785_1800.mp3 matched with 2014-03-26_WKYC_News_Commercial_RuthCandles.mp3
score:8.0; time:6.849886417388916; match time start:0.0; match time stop:15.025397300720215
