20150623_195424
/Users/mat-mac/Desktop/segmentator-3/segmentator/audio/2015-05-01_AlJazeera/overlap-clips/2015-05-01_AlJazeera_Full_0_15.mp3 matched with 2015-05-01_AlJazeera_Commercial_OrderNow.mp3
score:10.0; time:0.0; match time start:0.0; match time stop:15.047891616821289
/Users/mat-mac/Desktop/segmentator-3/segmentator/audio/2015-05-01_AlJazeera/overlap-clips/2015-05-01_AlJazeera_Full_1260_1275.mp3 matched with 2015-05-01_AlJazeera_Commercial_Vietnam.mp3
score:4.0; time:4.992290019989014; match time start:0.0; match time stop:15.047891616821289
/Users/mat-mac/Desktop/segmentator-3/segmentator/audio/2015-05-01_AlJazeera/overlap-clips/2015-05-01_AlJazeera_Full_1274_1289.mp3 matched with 2015-05-01_AlJazeera_Commercial_CreditCard.mp3
score:6.0; time:3.9241721630096436; match time start:0.0; match time stop:15.047891616821289
/Users/mat-mac/Desktop/segmentator-3/segmentator/audio/2015-05-01_AlJazeera/overlap-clips/2015-05-01_AlJazeera_Full_1281_1296.mp3 matched with 2015-05-01_AlJazeera_Commercial_CreditCard.mp3
score:6.0; time:10.936598777770996; match time start:0.0; match time stop:15.047891616821289
/Users/mat-mac/Desktop/segmentator-3/segmentator/audio/2015-05-01_AlJazeera/overlap-clips/2015-05-01_AlJazeera_Full_1288_1303.mp3 matched with 2015-05-01_AlJazeera_Commercial_CreditCard.mp3
score:21.0; time:17.925804138183594; match time start:0.0; match time stop:15.047891616821289
/Users/mat-mac/Desktop/segmentator-3/segmentator/audio/2015-05-01_AlJazeera/overlap-clips/2015-05-01_AlJazeera_Full_1316_1331.mp3 matched with 2015-05-01_AlJazeera_Commercial_Cancer.mp3
score:6.0; time:15.743128776550293; match time start:0.0; match time stop:15.047891616821289
/Users/mat-mac/Desktop/segmentator-3/segmentator/audio/2015-05-01_AlJazeera/overlap-clips/2015-05-01_AlJazeera_Full_1323_1338.mp3 matched with 2015-05-01_AlJazeera_Commercial_Cancer.mp3
score:4.0; time:22.75555419921875; match time start:0.0; match time stop:15.047891616821289
/Users/mat-mac/Desktop/segmentator-3/segmentator/audio/2015-05-01_AlJazeera/overlap-clips/2015-05-01_AlJazeera_Full_1351_1366.mp3 matched with 2015-05-01_AlJazeera_Commercial_Cancer.mp3
score:4.0; time:50.758819580078125; match time start:0.0; match time stop:15.047891616821289
/Users/mat-mac/Desktop/segmentator-3/segmentator/audio/2015-05-01_AlJazeera/overlap-clips/2015-05-01_AlJazeera_Full_1358_1373.mp3 matched with 2015-05-01_AlJazeera_Commercial_AmericaTonight.mp3
score:13.0; time:-2.0665760040283203; match time start:0.0; match time stop:15.047891616821289
/Users/mat-mac/Desktop/segmentator-3/segmentator/audio/2015-05-01_AlJazeera/overlap-clips/2015-05-01_AlJazeera_Full_1365_1380.mp3 matched with 2015-05-01_AlJazeera_Commercial_AmericaTonight.mp3
score:5.0; time:4.899410247802734; match time start:0.0; match time stop:15.047891616821289
/Users/mat-mac/Desktop/segmentator-3/segmentator/audio/2015-05-01_AlJazeera/overlap-clips/2015-05-01_AlJazeera_Full_1673_1688.mp3 matched with 2015-05-01_AlJazeera_Commercial_CleverGrip.mp3
score:11.0; time:7.47682523727417; match time start:0.0; match time stop:15.047891616821289
/Users/mat-mac/Desktop/segmentator-3/segmentator/audio/2015-05-01_AlJazeera/overlap-clips/2015-05-01_AlJazeera_Full_1687_1702.mp3 matched with 2015-05-01_AlJazeera_Commercial_CleverGrip.mp3
score:5.0; time:21.455238342285156; match time start:0.0; match time stop:15.047891616821289
/Users/mat-mac/Desktop/segmentator-3/segmentator/audio/2015-05-01_AlJazeera/overlap-clips/2015-05-01_AlJazeera_Full_1694_1709.mp3 matched with 2015-05-01_AlJazeera_Commercial_CleverGrip.mp3
score:9.0; time:28.44444465637207; match time start:0.0; match time stop:15.047891616821289
/Users/mat-mac/Desktop/segmentator-3/segmentator/audio/2015-05-01_AlJazeera/overlap-clips/2015-05-01_AlJazeera_Full_1708_1723.mp3 matched with 2015-05-01_AlJazeera_Commercial_CleverGrip.mp3
score:5.0; time:42.446075439453125; match time start:0.0; match time stop:15.047891616821289
/Users/mat-mac/Desktop/segmentator-3/segmentator/audio/2015-05-01_AlJazeera/overlap-clips/2015-05-01_AlJazeera_Full_1722_1737.mp3 matched with 2015-05-01_AlJazeera_Commercial_CleverGrip.mp3
score:6.0; time:56.47092819213867; match time start:0.0; match time stop:15.047891616821289
/Users/mat-mac/Desktop/segmentator-3/segmentator/audio/2015-05-01_AlJazeera/overlap-clips/2015-05-01_AlJazeera_Full_1736_1751.mp3 matched with 2015-05-01_AlJazeera_Commercial_CleverGrip.mp3
score:13.0; time:70.4493408203125; match time start:0.0; match time stop:15.047891616821289
/Users/mat-mac/Desktop/segmentator-3/segmentator/audio/2015-05-01_AlJazeera/overlap-clips/2015-05-01_AlJazeera_Full_1764_1779.mp3 matched with 2015-05-01_AlJazeera_Commercial_CleverGrip.mp3
score:7.0; time:98.47582244873047; match time start:0.0; match time stop:15.047891616821289
