# compile-train-graphs exp/tri2b_ali_emma/tree exp/tri2b_ali_emma/final.mdl data/lang/L.fst "ark:utils/sym2int.pl --map-oov 86098 -f 2- data/lang/words.txt data/train/split20/20/text|" ark:- | gmm-align-compiled --transition-scale=1.0 --acoustic-scale=0.1 --self-loop-scale=0.1 --beam=10 --retry-beam=40 --careful=false "gmm-boost-silence --boost=1.0 1 exp/tri2b_ali_emma/final.mdl - |" ark:- "ark,s,cs:apply-cmvn  --utt2spk=ark:data/train/split20/20/utt2spk scp:data/train/split20/20/cmvn.scp scp:data/train/split20/20/feats.scp ark:- | splice-feats --left-context=3 --right-context=3 ark:- ark:- | transform-feats exp/tri2b/final.mat ark:- ark:- |" "ark,t:|gzip -c >exp/tri2b_ali_emma/ali.20.gz" 
# Started at Tue Jun 16 16:01:20 IST 2015
#
gmm-align-compiled --transition-scale=1.0 --acoustic-scale=0.1 --self-loop-scale=0.1 --beam=10 --retry-beam=40 --careful=false 'gmm-boost-silence --boost=1.0 1 exp/tri2b_ali_emma/final.mdl - |' ark:- 'ark,s,cs:apply-cmvn  --utt2spk=ark:data/train/split20/20/utt2spk scp:data/train/split20/20/cmvn.scp scp:data/train/split20/20/feats.scp ark:- | splice-feats --left-context=3 --right-context=3 ark:- ark:- | transform-feats exp/tri2b/final.mat ark:- ark:- |' 'ark,t:|gzip -c >exp/tri2b_ali_emma/ali.20.gz' 
gmm-boost-silence --boost=1.0 1 exp/tri2b_ali_emma/final.mdl - 
compile-train-graphs exp/tri2b_ali_emma/tree exp/tri2b_ali_emma/final.mdl data/lang/L.fst 'ark:utils/sym2int.pl --map-oov 86098 -f 2- data/lang/words.txt data/train/split20/20/text|' ark:- 
LOG (gmm-boost-silence:main():gmm-boost-silence.cc:93) Boosted weights for 5 pdfs, by factor of 1
LOG (gmm-boost-silence:main():gmm-boost-silence.cc:103) Wrote model to -
LOG (compile-train-graphs:main():compile-train-graphs.cc:151) compile-train-graphs: succeeded for 1 graphs, failed for 0
transform-feats exp/tri2b/final.mat ark:- ark:- 
apply-cmvn --utt2spk=ark:data/train/split20/20/utt2spk scp:data/train/split20/20/cmvn.scp scp:data/train/split20/20/feats.scp ark:- 
splice-feats --left-context=3 --right-context=3 ark:- ark:- 
LOG (apply-cmvn:main():apply-cmvn.cc:146) Applied cepstral mean normalization to 1 utterances, errors on 0
LOG (transform-feats:main():transform-feats.cc:158) Overall average [pseudo-]logdet is -91.0564 over 4382 frames.
LOG (transform-feats:main():transform-feats.cc:161) Applied transform to 1 utterances; 0 had errors.
LOG (gmm-align-compiled:main():gmm-align-compiled.cc:129) Overall log-likelihood per frame is -54.4193 over 4382 frames.
LOG (gmm-align-compiled:main():gmm-align-compiled.cc:131) Retried 0 out of 1 utterances.
LOG (gmm-align-compiled:main():gmm-align-compiled.cc:133) Done 1, errors on 0
# Accounting: time=4 threads=1
# Ended (code 0) at Tue Jun 16 16:01:24 IST 2015, elapsed time 4 seconds
