# ali-to-post "ark:gunzip -c exp/tri3b/ali.16.gz|" ark:- | gmm-acc-stats-twofeats exp/tri3b/35.mdl "ark,s,cs:apply-cmvn  --utt2spk=ark:data/train/split20/16/utt2spk scp:data/train/split20/16/cmvn.scp scp:data/train/split20/16/feats.scp ark:- | splice-feats --left-context=3 --right-context=3 ark:- ark:- | transform-feats exp/tri2b_ali_emma/final.mat ark:- ark:- | transform-feats --utt2spk=ark:data/train/split20/16/utt2spk ark:exp/tri3b/trans.16 ark:- ark:- |" "ark,s,cs:apply-cmvn  --utt2spk=ark:data/train/split20/16/utt2spk scp:data/train/split20/16/cmvn.scp scp:data/train/split20/16/feats.scp ark:- | splice-feats --left-context=3 --right-context=3 ark:- ark:- | transform-feats exp/tri2b_ali_emma/final.mat ark:- ark:- |" ark,s,cs:- exp/tri3b/35.16.acc 
# Started at Tue Jun 16 16:03:09 IST 2015
#
gmm-acc-stats-twofeats exp/tri3b/35.mdl 'ark,s,cs:apply-cmvn  --utt2spk=ark:data/train/split20/16/utt2spk scp:data/train/split20/16/cmvn.scp scp:data/train/split20/16/feats.scp ark:- | splice-feats --left-context=3 --right-context=3 ark:- ark:- | transform-feats exp/tri2b_ali_emma/final.mat ark:- ark:- | transform-feats --utt2spk=ark:data/train/split20/16/utt2spk ark:exp/tri3b/trans.16 ark:- ark:- |' 'ark,s,cs:apply-cmvn  --utt2spk=ark:data/train/split20/16/utt2spk scp:data/train/split20/16/cmvn.scp scp:data/train/split20/16/feats.scp ark:- | splice-feats --left-context=3 --right-context=3 ark:- ark:- | transform-feats exp/tri2b_ali_emma/final.mat ark:- ark:- |' ark,s,cs:- exp/tri3b/35.16.acc 
ali-to-post 'ark:gunzip -c exp/tri3b/ali.16.gz|' ark:- 
LOG (ali-to-post:main():ali-to-post.cc:65) Converted 1 alignments.
transform-feats exp/tri2b_ali_emma/final.mat ark:- ark:- 
apply-cmvn --utt2spk=ark:data/train/split20/16/utt2spk scp:data/train/split20/16/cmvn.scp scp:data/train/split20/16/feats.scp ark:- 
splice-feats --left-context=3 --right-context=3 ark:- ark:- 
LOG (apply-cmvn:main():apply-cmvn.cc:146) Applied cepstral mean normalization to 1 utterances, errors on 0
transform-feats --utt2spk=ark:data/train/split20/16/utt2spk ark:exp/tri3b/trans.16 ark:- ark:- 
LOG (transform-feats:main():transform-feats.cc:158) Overall average [pseudo-]logdet is -91.0564 over 2856 frames.
LOG (transform-feats:main():transform-feats.cc:161) Applied transform to 1 utterances; 0 had errors.
LOG (transform-feats:main():transform-feats.cc:158) Overall average logdet is 14.8961 over 2856 frames.
LOG (transform-feats:main():transform-feats.cc:161) Applied transform to 1 utterances; 0 had errors.
transform-feats exp/tri2b_ali_emma/final.mat ark:- ark:- 
apply-cmvn --utt2spk=ark:data/train/split20/16/utt2spk scp:data/train/split20/16/cmvn.scp scp:data/train/split20/16/feats.scp ark:- 
splice-feats --left-context=3 --right-context=3 ark:- ark:- 
LOG (apply-cmvn:main():apply-cmvn.cc:146) Applied cepstral mean normalization to 1 utterances, errors on 0
LOG (transform-feats:main():transform-feats.cc:158) Overall average [pseudo-]logdet is -91.0564 over 2856 frames.
LOG (transform-feats:main():transform-feats.cc:161) Applied transform to 1 utterances; 0 had errors.
LOG (gmm-acc-stats-twofeats:main():gmm-acc-stats-twofeats.cc:140) Average like for this file is -42.1386 over 2856 frames.
LOG (gmm-acc-stats-twofeats:main():gmm-acc-stats-twofeats.cc:150) Done 1 files, 0 with no posteriors, 0 with no second features, 0 with other errors.
LOG (gmm-acc-stats-twofeats:main():gmm-acc-stats-twofeats.cc:155) Overall avg like per frame (Gaussian only) = -42.1386 over 2856 frames.
LOG (gmm-acc-stats-twofeats:main():gmm-acc-stats-twofeats.cc:163) Written accs.
# Accounting: time=0 threads=1
# Ended (code 0) at Tue Jun 16 16:03:09 IST 2015, elapsed time 0 seconds
