# ali-to-post "ark:gunzip -c exp/tri3b/ali.9.gz|" ark:- | gmm-acc-stats-twofeats exp/tri3b/35.mdl "ark,s,cs:apply-cmvn  --utt2spk=ark:data/train/split20/9/utt2spk scp:data/train/split20/9/cmvn.scp scp:data/train/split20/9/feats.scp ark:- | splice-feats --left-context=3 --right-context=3 ark:- ark:- | transform-feats exp/tri2b_ali_emma/final.mat ark:- ark:- | transform-feats --utt2spk=ark:data/train/split20/9/utt2spk ark:exp/tri3b/trans.9 ark:- ark:- |" "ark,s,cs:apply-cmvn  --utt2spk=ark:data/train/split20/9/utt2spk scp:data/train/split20/9/cmvn.scp scp:data/train/split20/9/feats.scp ark:- | splice-feats --left-context=3 --right-context=3 ark:- ark:- | transform-feats exp/tri2b_ali_emma/final.mat ark:- ark:- |" ark,s,cs:- exp/tri3b/35.9.acc 
# Started at Tue Jun 16 16:03:09 IST 2015
#
ali-to-post 'ark:gunzip -c exp/tri3b/ali.9.gz|' ark:- 
gmm-acc-stats-twofeats exp/tri3b/35.mdl 'ark,s,cs:apply-cmvn  --utt2spk=ark:data/train/split20/9/utt2spk scp:data/train/split20/9/cmvn.scp scp:data/train/split20/9/feats.scp ark:- | splice-feats --left-context=3 --right-context=3 ark:- ark:- | transform-feats exp/tri2b_ali_emma/final.mat ark:- ark:- | transform-feats --utt2spk=ark:data/train/split20/9/utt2spk ark:exp/tri3b/trans.9 ark:- ark:- |' 'ark,s,cs:apply-cmvn  --utt2spk=ark:data/train/split20/9/utt2spk scp:data/train/split20/9/cmvn.scp scp:data/train/split20/9/feats.scp ark:- | splice-feats --left-context=3 --right-context=3 ark:- ark:- | transform-feats exp/tri2b_ali_emma/final.mat ark:- ark:- |' ark,s,cs:- exp/tri3b/35.9.acc 
transform-feats exp/tri2b_ali_emma/final.mat ark:- ark:- 
transform-feats --utt2spk=ark:data/train/split20/9/utt2spk ark:exp/tri3b/trans.9 ark:- ark:- 
apply-cmvn --utt2spk=ark:data/train/split20/9/utt2spk scp:data/train/split20/9/cmvn.scp scp:data/train/split20/9/feats.scp ark:- 
splice-feats --left-context=3 --right-context=3 ark:- ark:- 
transform-feats exp/tri2b_ali_emma/final.mat ark:- ark:- 
splice-feats --left-context=3 --right-context=3 ark:- ark:- 
apply-cmvn --utt2spk=ark:data/train/split20/9/utt2spk scp:data/train/split20/9/cmvn.scp scp:data/train/split20/9/feats.scp ark:- 
LOG (apply-cmvn:main():apply-cmvn.cc:146) Applied cepstral mean normalization to 2 utterances, errors on 0
LOG (apply-cmvn:main():apply-cmvn.cc:146) Applied cepstral mean normalization to 2 utterances, errors on 0
LOG (gmm-acc-stats-twofeats:main():gmm-acc-stats-twofeats.cc:140) Average like for this file is -50.5561 over 440 frames.
LOG (transform-feats:main():transform-feats.cc:158) Overall average [pseudo-]logdet is -91.0564 over 33117 frames.
LOG (transform-feats:main():transform-feats.cc:161) Applied transform to 2 utterances; 0 had errors.
LOG (transform-feats:main():transform-feats.cc:158) Overall average logdet is 1.90513 over 33117 frames.
LOG (transform-feats:main():transform-feats.cc:161) Applied transform to 2 utterances; 0 had errors.
LOG (transform-feats:main():transform-feats.cc:158) Overall average [pseudo-]logdet is -91.0564 over 33117 frames.
LOG (transform-feats:main():transform-feats.cc:161) Applied transform to 2 utterances; 0 had errors.
LOG (ali-to-post:main():ali-to-post.cc:65) Converted 2 alignments.
LOG (gmm-acc-stats-twofeats:main():gmm-acc-stats-twofeats.cc:140) Average like for this file is -46.9387 over 32677 frames.
LOG (gmm-acc-stats-twofeats:main():gmm-acc-stats-twofeats.cc:150) Done 2 files, 0 with no posteriors, 0 with no second features, 0 with other errors.
LOG (gmm-acc-stats-twofeats:main():gmm-acc-stats-twofeats.cc:155) Overall avg like per frame (Gaussian only) = -46.9867 over 33117 frames.
LOG (gmm-acc-stats-twofeats:main():gmm-acc-stats-twofeats.cc:163) Written accs.
# Accounting: time=1 threads=1
# Ended (code 0) at Tue Jun 16 16:03:10 IST 2015, elapsed time 1 seconds
