# gmm-align-compiled --transition-scale=1.0 --acoustic-scale=0.1 --self-loop-scale=0.1 --beam=10 --retry-beam=40 --careful=false "gmm-boost-silence --boost=1.0 1 exp/tri3b/10.mdl - |" "ark:gunzip -c exp/tri3b/fsts.15.gz|" "ark,s,cs:apply-cmvn  --utt2spk=ark:data/train/split20/15/utt2spk scp:data/train/split20/15/cmvn.scp scp:data/train/split20/15/feats.scp ark:- | splice-feats --left-context=3 --right-context=3 ark:- ark:- | transform-feats exp/tri2b_ali_emma/final.mat ark:- ark:- | transform-feats --utt2spk=ark:data/train/split20/15/utt2spk ark:exp/tri3b/trans.15 ark:- ark:- |" "ark:|gzip -c >exp/tri3b/ali.15.gz" 
# Started at Tue Jun 16 16:02:07 IST 2015
#
gmm-align-compiled --transition-scale=1.0 --acoustic-scale=0.1 --self-loop-scale=0.1 --beam=10 --retry-beam=40 --careful=false 'gmm-boost-silence --boost=1.0 1 exp/tri3b/10.mdl - |' 'ark:gunzip -c exp/tri3b/fsts.15.gz|' 'ark,s,cs:apply-cmvn  --utt2spk=ark:data/train/split20/15/utt2spk scp:data/train/split20/15/cmvn.scp scp:data/train/split20/15/feats.scp ark:- | splice-feats --left-context=3 --right-context=3 ark:- ark:- | transform-feats exp/tri2b_ali_emma/final.mat ark:- ark:- | transform-feats --utt2spk=ark:data/train/split20/15/utt2spk ark:exp/tri3b/trans.15 ark:- ark:- |' 'ark:|gzip -c >exp/tri3b/ali.15.gz' 
gmm-boost-silence --boost=1.0 1 exp/tri3b/10.mdl - 
WARNING (gmm-boost-silence:main():gmm-boost-silence.cc:82) The pdfs for the silence phones may be shared by other phones (note: this probably does not matter.)
LOG (gmm-boost-silence:main():gmm-boost-silence.cc:93) Boosted weights for 5 pdfs, by factor of 1
LOG (gmm-boost-silence:main():gmm-boost-silence.cc:103) Wrote model to -
apply-cmvn --utt2spk=ark:data/train/split20/15/utt2spk scp:data/train/split20/15/cmvn.scp scp:data/train/split20/15/feats.scp ark:- 
transform-feats exp/tri2b_ali_emma/final.mat ark:- ark:- 
transform-feats --utt2spk=ark:data/train/split20/15/utt2spk ark:exp/tri3b/trans.15 ark:- ark:- 
splice-feats --left-context=3 --right-context=3 ark:- ark:- 
LOG (apply-cmvn:main():apply-cmvn.cc:146) Applied cepstral mean normalization to 1 utterances, errors on 0
LOG (transform-feats:main():transform-feats.cc:158) Overall average [pseudo-]logdet is -91.0564 over 7343 frames.
LOG (transform-feats:main():transform-feats.cc:161) Applied transform to 1 utterances; 0 had errors.
LOG (transform-feats:main():transform-feats.cc:158) Overall average logdet is -1.40979 over 7343 frames.
LOG (transform-feats:main():transform-feats.cc:161) Applied transform to 1 utterances; 0 had errors.
LOG (gmm-align-compiled:main():gmm-align-compiled.cc:129) Overall log-likelihood per frame is -43.6646 over 7343 frames.
LOG (gmm-align-compiled:main():gmm-align-compiled.cc:131) Retried 0 out of 1 utterances.
LOG (gmm-align-compiled:main():gmm-align-compiled.cc:133) Done 1, errors on 0
# Accounting: time=1 threads=1
# Ended (code 0) at Tue Jun 16 16:02:08 IST 2015, elapsed time 1 seconds
