# ali-to-post "ark:gunzip -c exp/tri3b/ali.12.gz|" ark:- | weight-silence-post 0.0 1:2:3:4:5 exp/tri3b/2.mdl ark:- ark:- | gmm-est-fmllr --fmllr-update-type=full --spk2utt=ark:data/train/split20/12/spk2utt exp/tri3b/2.mdl "ark,s,cs:apply-cmvn  --utt2spk=ark:data/train/split20/12/utt2spk scp:data/train/split20/12/cmvn.scp scp:data/train/split20/12/feats.scp ark:- | splice-feats --left-context=3 --right-context=3 ark:- ark:- | transform-feats exp/tri2b_ali_emma/final.mat ark:- ark:- | transform-feats --utt2spk=ark:data/train/split20/12/utt2spk ark,s,cs:exp/tri3b/trans.12 ark:- ark:- |" ark:- ark:exp/tri3b/tmp_trans.12 
# Started at Tue Jun 16 16:01:47 IST 2015
#
weight-silence-post 0.0 1:2:3:4:5 exp/tri3b/2.mdl ark:- ark:- 
gmm-est-fmllr --fmllr-update-type=full --spk2utt=ark:data/train/split20/12/spk2utt exp/tri3b/2.mdl 'ark,s,cs:apply-cmvn  --utt2spk=ark:data/train/split20/12/utt2spk scp:data/train/split20/12/cmvn.scp scp:data/train/split20/12/feats.scp ark:- | splice-feats --left-context=3 --right-context=3 ark:- ark:- | transform-feats exp/tri2b_ali_emma/final.mat ark:- ark:- | transform-feats --utt2spk=ark:data/train/split20/12/utt2spk ark,s,cs:exp/tri3b/trans.12 ark:- ark:- |' ark:- ark:exp/tri3b/tmp_trans.12 
ali-to-post 'ark:gunzip -c exp/tri3b/ali.12.gz|' ark:- 
LOG (ali-to-post:main():ali-to-post.cc:65) Converted 2 alignments.
splice-feats --left-context=3 --right-context=3 ark:- ark:- 
apply-cmvn --utt2spk=ark:data/train/split20/12/utt2spk scp:data/train/split20/12/cmvn.scp scp:data/train/split20/12/feats.scp ark:- 
transform-feats exp/tri2b_ali_emma/final.mat ark:- ark:- 
LOG (apply-cmvn:main():apply-cmvn.cc:146) Applied cepstral mean normalization to 2 utterances, errors on 0
transform-feats --utt2spk=ark:data/train/split20/12/utt2spk ark,s,cs:exp/tri3b/trans.12 ark:- ark:- 
LOG (transform-feats:main():transform-feats.cc:158) Overall average [pseudo-]logdet is -91.0564 over 6481 frames.
LOG (transform-feats:main():transform-feats.cc:161) Applied transform to 2 utterances; 0 had errors.
LOG (transform-feats:main():transform-feats.cc:158) Overall average logdet is 3.63669 over 6481 frames.
LOG (transform-feats:main():transform-feats.cc:161) Applied transform to 2 utterances; 0 had errors.
LOG (weight-silence-post:main():weight-silence-post.cc:95) Done 2 posteriors.
LOG (gmm-est-fmllr:ComputeFmllrMatrixDiagGmmFull():fmllr-diag-gmm.cc:262) fMLLR objf improvement is 0.435998 per frame over 5968 frames.
LOG (gmm-est-fmllr:main():gmm-est-fmllr.cc:143) For speaker ForcedAlignment, auxf-impr from fMLLR is 0.435998, over 5968 frames.
LOG (gmm-est-fmllr:main():gmm-est-fmllr.cc:188) Done 2 files, 0 with no posts, 0 with other errors.
LOG (gmm-est-fmllr:main():gmm-est-fmllr.cc:190) Overall fMLLR auxf impr per frame is 0.435998 over 5968 frames.
# Accounting: time=1 threads=1
# Ended (code 0) at Tue Jun 16 16:01:48 IST 2015, elapsed time 1 seconds
