# ali-to-post "ark:gunzip -c exp/tri3b/ali.18.gz|" ark:- | weight-silence-post 0.0 1:2:3:4:5 exp/tri3b/6.mdl ark:- ark:- | gmm-est-fmllr --fmllr-update-type=full --spk2utt=ark:data/train/split20/18/spk2utt exp/tri3b/6.mdl "ark,s,cs:apply-cmvn  --utt2spk=ark:data/train/split20/18/utt2spk scp:data/train/split20/18/cmvn.scp scp:data/train/split20/18/feats.scp ark:- | splice-feats --left-context=3 --right-context=3 ark:- ark:- | transform-feats exp/tri2b_ali_emma/final.mat ark:- ark:- | transform-feats --utt2spk=ark:data/train/split20/18/utt2spk ark:exp/tri3b/trans.18 ark:- ark:- |" ark:- ark:exp/tri3b/tmp_trans.18 
# Started at Tue Jun 16 16:01:58 IST 2015
#
weight-silence-post 0.0 1:2:3:4:5 exp/tri3b/6.mdl ark:- ark:- 
ali-to-post 'ark:gunzip -c exp/tri3b/ali.18.gz|' ark:- 
gmm-est-fmllr --fmllr-update-type=full --spk2utt=ark:data/train/split20/18/spk2utt exp/tri3b/6.mdl 'ark,s,cs:apply-cmvn  --utt2spk=ark:data/train/split20/18/utt2spk scp:data/train/split20/18/cmvn.scp scp:data/train/split20/18/feats.scp ark:- | splice-feats --left-context=3 --right-context=3 ark:- ark:- | transform-feats exp/tri2b_ali_emma/final.mat ark:- ark:- | transform-feats --utt2spk=ark:data/train/split20/18/utt2spk ark:exp/tri3b/trans.18 ark:- ark:- |' ark:- ark:exp/tri3b/tmp_trans.18 
LOG (ali-to-post:main():ali-to-post.cc:65) Converted 1 alignments.
apply-cmvn --utt2spk=ark:data/train/split20/18/utt2spk scp:data/train/split20/18/cmvn.scp scp:data/train/split20/18/feats.scp ark:- 
splice-feats --left-context=3 --right-context=3 ark:- ark:- 
transform-feats exp/tri2b_ali_emma/final.mat ark:- ark:- 
transform-feats --utt2spk=ark:data/train/split20/18/utt2spk ark:exp/tri3b/trans.18 ark:- ark:- 
LOG (apply-cmvn:main():apply-cmvn.cc:146) Applied cepstral mean normalization to 1 utterances, errors on 0
LOG (transform-feats:main():transform-feats.cc:158) Overall average [pseudo-]logdet is -91.0564 over 10727 frames.
LOG (transform-feats:main():transform-feats.cc:161) Applied transform to 1 utterances; 0 had errors.
LOG (transform-feats:main():transform-feats.cc:158) Overall average logdet is 3.06367 over 10727 frames.
LOG (transform-feats:main():transform-feats.cc:161) Applied transform to 1 utterances; 0 had errors.
LOG (weight-silence-post:main():weight-silence-post.cc:95) Done 1 posteriors.
LOG (gmm-est-fmllr:ComputeFmllrMatrixDiagGmmFull():fmllr-diag-gmm.cc:262) fMLLR objf improvement is 0.0524946 per frame over 9797 frames.
LOG (gmm-est-fmllr:main():gmm-est-fmllr.cc:143) For speaker ForcedAlignment, auxf-impr from fMLLR is 0.0524946, over 9797 frames.
LOG (gmm-est-fmllr:main():gmm-est-fmllr.cc:188) Done 1 files, 0 with no posts, 0 with other errors.
LOG (gmm-est-fmllr:main():gmm-est-fmllr.cc:190) Overall fMLLR auxf impr per frame is 0.0524946 over 9797 frames.
# Accounting: time=1 threads=1
# Ended (code 0) at Tue Jun 16 16:01:59 IST 2015, elapsed time 1 seconds
