# ali-to-post "ark:gunzip -c exp/tri2b_ali_emma/ali.10.gz|" ark:- | weight-silence-post 0.0 1:2:3:4:5 exp/tri2b_ali_emma/final.mdl ark:- ark:- | gmm-est-fmllr --fmllr-update-type=full --spk2utt=ark:data/train/split20/10/spk2utt exp/tri2b_ali_emma/final.mdl "ark,s,cs:apply-cmvn  --utt2spk=ark:data/train/split20/10/utt2spk scp:data/train/split20/10/cmvn.scp scp:data/train/split20/10/feats.scp ark:- | splice-feats --left-context=3 --right-context=3 ark:- ark:- | transform-feats exp/tri2b_ali_emma/final.mat ark:- ark:- |" ark:- ark:exp/tri3b/trans.10 
# Started at Tue Jun 16 16:01:26 IST 2015
#
ali-to-post 'ark:gunzip -c exp/tri2b_ali_emma/ali.10.gz|' ark:- 
gmm-est-fmllr --fmllr-update-type=full --spk2utt=ark:data/train/split20/10/spk2utt exp/tri2b_ali_emma/final.mdl 'ark,s,cs:apply-cmvn  --utt2spk=ark:data/train/split20/10/utt2spk scp:data/train/split20/10/cmvn.scp scp:data/train/split20/10/feats.scp ark:- | splice-feats --left-context=3 --right-context=3 ark:- ark:- | transform-feats exp/tri2b_ali_emma/final.mat ark:- ark:- |' ark:- ark:exp/tri3b/trans.10 
weight-silence-post 0.0 1:2:3:4:5 exp/tri2b_ali_emma/final.mdl ark:- ark:- 
LOG (ali-to-post:main():ali-to-post.cc:65) Converted 2 alignments.
transform-feats exp/tri2b_ali_emma/final.mat ark:- ark:- 
apply-cmvn --utt2spk=ark:data/train/split20/10/utt2spk scp:data/train/split20/10/cmvn.scp scp:data/train/split20/10/feats.scp ark:- 
splice-feats --left-context=3 --right-context=3 ark:- ark:- 
LOG (apply-cmvn:main():apply-cmvn.cc:146) Applied cepstral mean normalization to 2 utterances, errors on 0
LOG (weight-silence-post:main():weight-silence-post.cc:95) Done 2 posteriors.
LOG (transform-feats:main():transform-feats.cc:158) Overall average [pseudo-]logdet is -91.0564 over 6262 frames.
LOG (transform-feats:main():transform-feats.cc:161) Applied transform to 2 utterances; 0 had errors.
LOG (gmm-est-fmllr:ComputeFmllrMatrixDiagGmmFull():fmllr-diag-gmm.cc:262) fMLLR objf improvement is 3.32134 per frame over 5596 frames.
LOG (gmm-est-fmllr:main():gmm-est-fmllr.cc:143) For speaker ForcedAlignment, auxf-impr from fMLLR is 3.32134, over 5596 frames.
LOG (gmm-est-fmllr:main():gmm-est-fmllr.cc:188) Done 2 files, 0 with no posts, 0 with other errors.
LOG (gmm-est-fmllr:main():gmm-est-fmllr.cc:190) Overall fMLLR auxf impr per frame is 3.32134 over 5596 frames.
# Accounting: time=2 threads=1
# Ended (code 0) at Tue Jun 16 16:01:28 IST 2015, elapsed time 2 seconds
