gmm-init-model --write-occs=exp/tri3b/1.occs exp/tri3b/tree exp/tri3b/treeacc data/lang/topo exp/tri3b/1.mdl 
LOG (gmm-init-model:main():gmm-init-model.cc:271) Number of separate statistics is 28223
WARNING (gmm-init-model:InitAmGmm():gmm-init-model.cc:83) Very small count for state 3: 75; corresponding phone list: 26 27 28 29 
WARNING (gmm-init-model:InitAmGmm():gmm-init-model.cc:83) Very small count for state 6: 97; corresponding phone list: 38 39 40 41 
WARNING (gmm-init-model:InitAmGmm():gmm-init-model.cc:83) Very small count for state 7: 73; corresponding phone list: 42 43 44 45 
WARNING (gmm-init-model:InitAmGmm():gmm-init-model.cc:83) Very small count for state 8: 84; corresponding phone list: 46 47 48 49 50 51 52 53 54 55 56 57 58 59 60 61 
WARNING (gmm-init-model:InitAmGmm():gmm-init-model.cc:83) Very small count for state 9: 62; corresponding phone list: 62 63 64 65 66 67 68 69 70 71 72 73 74 75 76 77 
WARNING (gmm-init-model:InitAmGmm():gmm-init-model.cc:83) Very small count for state 10: 82; corresponding phone list: 78 79 80 81 
WARNING (gmm-init-model:InitAmGmm():gmm-init-model.cc:83) Very small count for state 11: 66; corresponding phone list: 82 83 84 85 
WARNING (gmm-init-model:InitAmGmm():gmm-init-model.cc:83) Very small count for state 12: 67; corresponding phone list: 86 87 88 89 
WARNING (gmm-init-model:InitAmGmm():gmm-init-model.cc:83) Very small count for state 13: 95; corresponding phone list: 90 91 92 93 94 95 96 97 98 99 100 101 102 103 104 105 
WARNING (gmm-init-model:InitAmGmm():gmm-init-model.cc:83) Very small count for state 14: 51; corresponding phone list: 106 107 108 109 
WARNING (gmm-init-model:InitAmGmm():gmm-init-model.cc:83) Very small count for state 15: 71; corresponding phone list: 111 
WARNING (gmm-init-model:InitAmGmm():gmm-init-model.cc:83) Very small count for state 16: 69; corresponding phone list: 114 115 116 117 118 119 120 121 122 123 124 125 126 127 128 129 
WARNING (gmm-init-model:InitAmGmm():gmm-init-model.cc:83) Very small count for state 17: 58; corresponding phone list: 130 131 132 133 
WARNING (gmm-init-model:InitAmGmm():gmm-init-model.cc:83) Very small count for state 19: 32; corresponding phone list: 138 139 140 141 
WARNING (gmm-init-model:InitAmGmm():gmm-init-model.cc:83) Very small count for state 21: 39; corresponding phone list: 146 147 148 149 150 151 152 153 154 155 156 157 158 159 160 161 
WARNING (gmm-init-model:InitAmGmm():gmm-init-model.cc:83) Very small count for state 24: 27; corresponding phone list: 170 171 172 173 174 175 176 177 178 179 180 181 182 183 184 185 
WARNING (gmm-init-model:InitAmGmm():gmm-init-model.cc:83) Very small count for state 30: 90; corresponding phone list: 230 231 232 233 234 235 236 237 238 239 240 241 242 243 244 245 
WARNING (gmm-init-model:InitAmGmm():gmm-init-model.cc:83) Very small count for state 31: 87; corresponding phone list: 246 247 248 249 
WARNING (gmm-init-model:InitAmGmm():gmm-init-model.cc:83) Very small count for state 32: 37; corresponding phone list: 250 251 252 253 254 255 256 257 258 259 260 261 262 263 264 265 
WARNING (gmm-init-model:InitAmGmm():gmm-init-model.cc:83) Very small count for state 45: 60; corresponding phone list: 62 63 64 65 66 67 68 69 70 71 72 73 74 75 76 77 
WARNING (gmm-init-model:InitAmGmm():gmm-init-model.cc:83) Very small count for state 58: 49; corresponding phone list: 202 203 204 205 206 207 208 209 210 211 212 213 214 215 216 217 
WARNING (gmm-init-model:InitAmGmm():gmm-init-model.cc:83) Very small count for state 59: 75; corresponding phone list: 218 219 220 221 
WARNING (gmm-init-model:InitAmGmm():gmm-init-model.cc:83) Very small count for state 61: 98; corresponding phone list: 310 311 312 313 314 315 316 317 318 319 320 321 322 323 324 325 
WARNING (gmm-init-model:InitAmGmm():gmm-init-model.cc:83) Very small count for state 65: 50; corresponding phone list: 46 47 48 49 50 51 52 53 54 55 56 57 58 59 60 61 
WARNING (gmm-init-model:InitAmGmm():gmm-init-model.cc:83) Very small count for state 70: 13; corresponding phone list: 30 31 32 33 
WARNING (gmm-init-model:InitAmGmm():gmm-init-model.cc:83) Very small count for state 71: 53; corresponding phone list: 250 251 252 253 254 255 256 257 258 259 260 261 262 263 264 265 
WARNING (gmm-init-model:InitAmGmm():gmm-init-model.cc:83) Very small count for state 74: 53; corresponding phone list: 34 35 36 37 
WARNING (gmm-init-model:InitAmGmm():gmm-init-model.cc:83) Very small count for state 83: 30; corresponding phone list: 230 231 232 233 234 235 236 237 238 239 240 241 242 243 244 245 
WARNING (gmm-init-model:InitAmGmm():gmm-init-model.cc:83) Very small count for state 86: 64; corresponding phone list: 287 288 289 291 292 293 295 296 297 299 300 301 
WARNING (gmm-init-model:InitAmGmm():gmm-init-model.cc:83) Very small count for state 88: 99; corresponding phone list: 310 311 312 313 314 315 316 317 318 319 320 321 322 323 324 325 
WARNING (gmm-init-model:InitAmGmm():gmm-init-model.cc:83) Very small count for state 89: 61; corresponding phone list: 306 307 308 309 
WARNING (gmm-init-model:InitAmGmm():gmm-init-model.cc:83) Very small count for state 92: 22; corresponding phone list: 90 91 92 93 94 95 96 97 98 99 100 101 102 103 104 105 
WARNING (gmm-init-model:InitAmGmm():gmm-init-model.cc:83) Very small count for state 93: 92; corresponding phone list: 170 171 172 173 174 175 176 177 178 179 180 181 182 183 184 185 
WARNING (gmm-init-model:InitAmGmm():gmm-init-model.cc:83) Very small count for state 96: 76; corresponding phone list: 186 187 188 189 190 191 192 193 194 195 196 197 198 199 200 201 
WARNING (gmm-init-model:InitAmGmm():gmm-init-model.cc:83) Very small count for state 104: 75; corresponding phone list: 246 247 248 249 
WARNING (gmm-init-model:InitAmGmm():gmm-init-model.cc:83) Very small count for state 106: 48; corresponding phone list: 218 219 220 221 
WARNING (gmm-init-model:InitAmGmm():gmm-init-model.cc:83) Very small count for state 110: 41; corresponding phone list: 6 7 8 9 
WARNING (gmm-init-model:InitAmGmm():gmm-init-model.cc:83) Very small count for state 111: 85; corresponding phone list: 282 283 284 285 
WARNING (gmm-init-model:InitAmGmm():gmm-init-model.cc:83) Very small count for state 112: 74; corresponding phone list: 10 11 12 13 14 15 16 17 18 19 20 21 22 23 24 25 
WARNING (gmm-init-model:InitAmGmm():gmm-init-model.cc:83) Very small count for state 115: 21; corresponding phone list: 250 251 252 253 254 255 256 257 258 259 260 261 262 263 264 265 
WARNING (gmm-init-model:InitAmGmm():gmm-init-model.cc:83) Very small count for state 118: 21; corresponding phone list: 30 31 32 33 
WARNING (gmm-init-model:InitAmGmm():gmm-init-model.cc:83) Very small count for state 119: 25; corresponding phone list: 186 187 188 189 190 191 192 193 194 195 196 197 198 199 200 201 
WARNING (gmm-init-model:InitAmGmm():gmm-init-model.cc:83) Very small count for state 120: 68; corresponding phone list: 226 227 228 229 
WARNING (gmm-init-model:InitAmGmm():gmm-init-model.cc:83) Very small count for state 121: 57; corresponding phone list: 34 35 36 37 
WARNING (gmm-init-model:InitAmGmm():gmm-init-model.cc:83) Very small count for state 125: 22; corresponding phone list: 78 79 80 81 
WARNING (gmm-init-model:InitAmGmm():gmm-init-model.cc:83) Very small count for state 126: 40; corresponding phone list: 230 231 232 233 238 239 240 241 242 243 244 245 
WARNING (gmm-init-model:InitAmGmm():gmm-init-model.cc:83) Very small count for state 127: 56; corresponding phone list: 218 219 220 221 
WARNING (gmm-init-model:InitAmGmm():gmm-init-model.cc:83) Very small count for state 133: 67; corresponding phone list: 326 327 328 329 330 331 332 333 334 335 336 337 338 339 340 341 
WARNING (gmm-init-model:InitAmGmm():gmm-init-model.cc:83) Very small count for state 136: 69; corresponding phone list: 46 47 48 49 50 51 52 53 54 55 56 57 58 59 60 61 
WARNING (gmm-init-model:InitAmGmm():gmm-init-model.cc:83) Very small count for state 137: 33; corresponding phone list: 90 91 92 93 94 95 96 97 98 99 100 101 102 103 104 105 
WARNING (gmm-init-model:InitAmGmm():gmm-init-model.cc:83) Very small count for state 140: 79; corresponding phone list: 106 107 108 109 
WARNING (gmm-init-model:InitAmGmm():gmm-init-model.cc:83) Very small count for state 141: 93; corresponding phone list: 226 227 228 229 
WARNING (gmm-init-model:InitAmGmm():gmm-init-model.cc:83) Very small count for state 142: 83; corresponding phone list: 78 79 80 81 
WARNING (gmm-init-model:InitAmGmm():gmm-init-model.cc:83) Very small count for state 143: 34; corresponding phone list: 266 267 268 269 270 271 272 273 274 275 276 277 278 279 280 281 
WARNING (gmm-init-model:InitAmGmm():gmm-init-model.cc:83) Very small count for state 145: 16; corresponding phone list: 326 327 328 329 330 331 332 333 334 335 336 337 338 339 340 341 
WARNING (gmm-init-model:InitAmGmm():gmm-init-model.cc:83) Very small count for state 147: 34; corresponding phone list: 170 171 172 173 174 175 176 177 178 179 180 181 182 183 184 185 
WARNING (gmm-init-model:InitAmGmm():gmm-init-model.cc:83) Very small count for state 152: 64; corresponding phone list: 218 219 220 221 
WARNING (gmm-init-model:InitAmGmm():gmm-init-model.cc:83) Very small count for state 155: 50; corresponding phone list: 230 231 232 233 234 235 236 237 238 239 240 241 242 243 244 245 
WARNING (gmm-init-model:InitAmGmm():gmm-init-model.cc:83) Very small count for state 161: 62; corresponding phone list: 142 143 144 145 
WARNING (gmm-init-model:InitAmGmm():gmm-init-model.cc:83) Very small count for state 162: 53; corresponding phone list: 186 187 188 189 190 191 192 193 194 195 196 197 198 199 200 201 
WARNING (gmm-init-model:InitAmGmm():gmm-init-model.cc:83) Very small count for state 164: 27; corresponding phone list: 310 311 312 313 314 315 316 317 318 319 320 321 322 323 324 325 
WARNING (gmm-init-model:InitAmGmm():gmm-init-model.cc:83) Very small count for state 169: 33; corresponding phone list: 202 203 204 205 206 207 208 209 210 211 212 213 214 215 216 217 
WARNING (gmm-init-model:InitAmGmm():gmm-init-model.cc:83) Very small count for state 170: 78; corresponding phone list: 106 107 108 109 
WARNING (gmm-init-model:InitAmGmm():gmm-init-model.cc:83) Very small count for state 176: 45; corresponding phone list: 46 47 48 49 50 51 52 53 54 55 56 57 58 59 60 61 
WARNING (gmm-init-model:InitAmGmm():gmm-init-model.cc:83) Very small count for state 181: 91; corresponding phone list: 234 235 236 237 
WARNING (gmm-init-model:InitAmGmm():gmm-init-model.cc:83) Very small count for state 186: 74; corresponding phone list: 302 303 304 305 
WARNING (gmm-init-model:InitAmGmm():gmm-init-model.cc:83) Very small count for state 187: 31; corresponding phone list: 310 311 312 313 314 315 316 317 318 319 320 321 322 323 324 325 
WARNING (gmm-init-model:InitAmGmm():gmm-init-model.cc:83) Very small count for state 188: 19; corresponding phone list: 90 91 92 93 94 95 96 97 98 99 100 101 102 103 104 105 
WARNING (gmm-init-model:InitAmGmm():gmm-init-model.cc:83) Very small count for state 189: 25; corresponding phone list: 38 39 40 41 
WARNING (gmm-init-model:InitAmGmm():gmm-init-model.cc:83) Very small count for state 191: 69; corresponding phone list: 174 175 176 177 
WARNING (gmm-init-model:InitAmGmm():gmm-init-model.cc:83) Very small count for state 193: 87; corresponding phone list: 230 231 232 233 238 239 240 241 242 243 244 245 
WARNING (gmm-init-model:InitAmGmm():gmm-init-model.cc:83) Very small count for state 194: 39; corresponding phone list: 130 131 132 133 
WARNING (gmm-init-model:InitAmGmm():gmm-init-model.cc:83) Very small count for state 198: 35; corresponding phone list: 230 231 232 233 234 235 236 237 238 239 240 241 242 243 244 245 
WARNING (gmm-init-model:InitAmGmm():gmm-init-model.cc:83) Very small count for state 205: 69; corresponding phone list: 134 135 136 137 
WARNING (gmm-init-model:InitAmGmm():gmm-init-model.cc:83) Very small count for state 206: 23; corresponding phone list: 62 63 64 65 66 67 68 69 70 71 72 73 74 75 76 77 
WARNING (gmm-init-model:InitAmGmm():gmm-init-model.cc:83) Very small count for state 209: 42; corresponding phone list: 162 163 164 165 
WARNING (gmm-init-model:InitAmGmm():gmm-init-model.cc:83) Very small count for state 211: 51; corresponding phone list: 306 307 308 309 
WARNING (gmm-init-model:InitAmGmm():gmm-init-model.cc:83) Very small count for state 214: 62; corresponding phone list: 134 135 136 137 
WARNING (gmm-init-model:InitAmGmm():gmm-init-model.cc:83) Very small count for state 216: 77; corresponding phone list: 218 219 220 221 
WARNING (gmm-init-model:InitAmGmm():gmm-init-model.cc:83) Very small count for state 220: 13; corresponding phone list: 310 311 312 313 314 315 316 317 318 319 320 321 322 323 324 325 
WARNING (gmm-init-model:InitAmGmm():gmm-init-model.cc:83) Very small count for state 221: 83; corresponding phone list: 6 7 8 9 
WARNING (gmm-init-model:InitAmGmm():gmm-init-model.cc:83) Very small count for state 222: 96; corresponding phone list: 106 107 108 109 
WARNING (gmm-init-model:InitAmGmm():gmm-init-model.cc:83) Very small count for state 224: 82; corresponding phone list: 30 31 32 33 
WARNING (gmm-init-model:InitAmGmm():gmm-init-model.cc:83) Very small count for state 225: 36; corresponding phone list: 306 307 308 309 
WARNING (gmm-init-model:InitAmGmm():gmm-init-model.cc:83) Very small count for state 226: 32; corresponding phone list: 186 187 188 189 190 191 192 193 194 195 196 197 198 199 200 201 
WARNING (gmm-init-model:InitAmGmm():gmm-init-model.cc:83) Very small count for state 232: 62; corresponding phone list: 250 251 252 253 254 255 256 257 258 259 260 261 262 263 264 265 
WARNING (gmm-init-model:InitAmGmm():gmm-init-model.cc:83) Very small count for state 233: 36; corresponding phone list: 306 307 308 309 
WARNING (gmm-init-model:InitAmGmm():gmm-init-model.cc:83) Very small count for state 236: 14; corresponding phone list: 170 171 172 173 174 175 176 177 178 179 180 181 182 183 184 185 
WARNING (gmm-init-model:InitAmGmm():gmm-init-model.cc:83) Very small count for state 237: 19; corresponding phone list: 302 303 304 305 
WARNING (gmm-init-model:InitAmGmm():gmm-init-model.cc:83) Very small count for state 240: 81; corresponding phone list: 250 251 252 253 254 255 256 257 258 259 260 261 262 263 264 265 
WARNING (gmm-init-model:InitAmGmm():gmm-init-model.cc:83) Very small count for state 242: 48; corresponding phone list: 310 311 312 313 314 315 316 317 318 319 320 321 322 323 324 325 
WARNING (gmm-init-model:InitAmGmm():gmm-init-model.cc:83) Very small count for state 246: 96; corresponding phone list: 282 283 284 285 
WARNING (gmm-init-model:InitAmGmm():gmm-init-model.cc:83) Very small count for state 248: 74; corresponding phone list: 310 311 312 313 314 315 316 317 318 319 320 321 322 323 324 325 
WARNING (gmm-init-model:InitAmGmm():gmm-init-model.cc:83) Very small count for state 249: 20; corresponding phone list: 82 83 84 85 
WARNING (gmm-init-model:InitAmGmm():gmm-init-model.cc:83) Very small count for state 251: 94; corresponding phone list: 106 107 108 109 
WARNING (gmm-init-model:InitAmGmm():gmm-init-model.cc:83) Very small count for state 260: 92; corresponding phone list: 218 219 220 221 
WARNING (gmm-init-model:InitAmGmm():gmm-init-model.cc:83) Very small count for state 263: 86; corresponding phone list: 282 283 284 285 
WARNING (gmm-init-model:InitAmGmm():gmm-init-model.cc:83) Very small count for state 265: 56; corresponding phone list: 226 227 228 229 
WARNING (gmm-init-model:InitAmGmm():gmm-init-model.cc:83) Very small count for state 267: 23; corresponding phone list: 162 163 164 165 
WARNING (gmm-init-model:InitAmGmm():gmm-init-model.cc:83) Very small count for state 283: 55; corresponding phone list: 110 112 113 
WARNING (gmm-init-model:InitAmGmm():gmm-init-model.cc:83) Very small count for state 288: 61; corresponding phone list: 266 267 268 269 270 271 272 273 274 275 276 277 278 279 280 281 
WARNING (gmm-init-model:InitAmGmm():gmm-init-model.cc:83) Very small count for state 290: 79; corresponding phone list: 30 31 32 33 
WARNING (gmm-init-model:InitAmGmm():gmm-init-model.cc:83) Very small count for state 291: 83; corresponding phone list: 186 187 188 189 190 191 192 193 194 195 196 197 198 199 200 201 
WARNING (gmm-init-model:InitAmGmm():gmm-init-model.cc:83) Very small count for state 295: 88; corresponding phone list: 114 115 116 117 118 119 120 121 122 123 124 125 126 127 128 129 
WARNING (gmm-init-model:InitAmGmm():gmm-init-model.cc:83) Very small count for state 300: 47; corresponding phone list: 286 287 288 289 290 291 292 293 294 295 296 297 298 299 300 301 
WARNING (gmm-init-model:InitAmGmm():gmm-init-model.cc:83) Very small count for state 303: 67; corresponding phone list: 302 303 304 305 
WARNING (gmm-init-model:InitAmGmm():gmm-init-model.cc:83) Very small count for state 305: 92; corresponding phone list: 166 167 169 
WARNING (gmm-init-model:InitAmGmm():gmm-init-model.cc:83) Very small count for state 307: 15; corresponding phone list: 266 267 268 269 270 271 272 273 274 275 276 277 278 279 280 281 
WARNING (gmm-init-model:InitAmGmm():gmm-init-model.cc:83) Very small count for state 308: 50; corresponding phone list: 46 47 48 49 50 51 52 53 54 55 56 57 58 59 60 61 
WARNING (gmm-init-model:InitAmGmm():gmm-init-model.cc:83) Very small count for state 309: 96; corresponding phone list: 302 303 304 305 
WARNING (gmm-init-model:InitAmGmm():gmm-init-model.cc:83) Very small count for state 313: 62; corresponding phone list: 90 91 92 93 94 95 96 97 98 99 100 101 102 103 104 105 
WARNING (gmm-init-model:InitAmGmm():gmm-init-model.cc:83) Very small count for state 316: 73; corresponding phone list: 62 63 64 65 66 67 68 69 70 71 72 73 74 75 76 77 
WARNING (gmm-init-model:InitAmGmm():gmm-init-model.cc:83) Very small count for state 317: 90; corresponding phone list: 226 228 229 
WARNING (gmm-init-model:InitAmGmm():gmm-init-model.cc:83) Very small count for state 320: 81; corresponding phone list: 230 231 232 233 234 235 236 237 238 239 240 241 242 243 244 245 
WARNING (gmm-init-model:InitAmGmm():gmm-init-model.cc:83) Very small count for state 324: 35; corresponding phone list: 90 91 92 93 94 95 96 97 98 99 100 101 102 103 104 105 
WARNING (gmm-init-model:InitAmGmm():gmm-init-model.cc:83) Very small count for state 330: 53; corresponding phone list: 282 283 284 285 
WARNING (gmm-init-model:InitAmGmm():gmm-init-model.cc:83) Very small count for state 331: 36; corresponding phone list: 230 231 232 233 238 239 240 241 242 243 244 245 
WARNING (gmm-init-model:InitAmGmm():gmm-init-model.cc:83) Very small count for state 336: 98; corresponding phone list: 282 283 284 285 
WARNING (gmm-init-model:InitAmGmm():gmm-init-model.cc:83) Very small count for state 347: 84; corresponding phone list: 6 7 8 9 
WARNING (gmm-init-model:InitAmGmm():gmm-init-model.cc:83) Very small count for state 349: 91; corresponding phone list: 6 7 8 9 
WARNING (gmm-init-model:InitAmGmm():gmm-init-model.cc:83) Very small count for state 354: 99; corresponding phone list: 168 
WARNING (gmm-init-model:InitAmGmm():gmm-init-model.cc:83) Very small count for state 358: 63; corresponding phone list: 287 288 289 291 292 293 295 296 297 299 300 301 
WARNING (gmm-init-model:InitAmGmm():gmm-init-model.cc:83) Very small count for state 360: 94; corresponding phone list: 222 223 224 225 
WARNING (gmm-init-model:InitAmGmm():gmm-init-model.cc:83) Very small count for state 361: 82; corresponding phone list: 30 31 32 33 
WARNING (gmm-init-model:InitAmGmm():gmm-init-model.cc:83) Very small count for state 365: 86; corresponding phone list: 34 35 36 37 
WARNING (gmm-init-model:InitAmGmm():gmm-init-model.cc:83) Very small count for state 373: 48; corresponding phone list: 46 47 48 49 50 51 52 53 54 55 56 57 58 59 60 61 
WARNING (gmm-init-model:InitAmGmm():gmm-init-model.cc:83) Very small count for state 374: 59; corresponding phone list: 282 283 284 285 
WARNING (gmm-init-model:InitAmGmm():gmm-init-model.cc:83) Very small count for state 377: 84; corresponding phone list: 186 187 188 189 190 191 192 193 194 195 196 197 198 199 200 201 
WARNING (gmm-init-model:InitAmGmm():gmm-init-model.cc:83) Very small count for state 380: 65; corresponding phone list: 282 283 284 285 
WARNING (gmm-init-model:InitAmGmm():gmm-init-model.cc:83) Very small count for state 387: 93; corresponding phone list: 34 35 36 37 
WARNING (gmm-init-model:InitAmGmm():gmm-init-model.cc:83) Very small count for state 388: 37; corresponding phone list: 186 187 188 189 190 191 192 193 194 195 196 197 198 199 200 201 
WARNING (gmm-init-model:InitAmGmm():gmm-init-model.cc:83) Very small count for state 390: 91; corresponding phone list: 10 11 12 13 14 15 16 17 18 19 20 21 22 23 24 25 
WARNING (gmm-init-model:InitAmGmm():gmm-init-model.cc:83) Very small count for state 393: 97; corresponding phone list: 82 83 84 85 
WARNING (gmm-init-model:InitAmGmm():gmm-init-model.cc:83) Very small count for state 394: 73; corresponding phone list: 106 107 108 109 
WARNING (gmm-init-model:InitAmGmm():gmm-init-model.cc:83) Very small count for state 395: 40; corresponding phone list: 34 35 36 37 
WARNING (gmm-init-model:InitAmGmm():gmm-init-model.cc:83) Very small count for state 397: 71; corresponding phone list: 34 35 36 37 
WARNING (gmm-init-model:InitAmGmm():gmm-init-model.cc:83) Very small count for state 405: 87; corresponding phone list: 266 267 268 269 270 271 272 273 274 275 276 277 278 279 280 281 
WARNING (gmm-init-model:InitAmGmm():gmm-init-model.cc:83) Very small count for state 406: 11; corresponding phone list: 287 288 289 291 292 293 295 296 297 299 300 301 
WARNING (gmm-init-model:InitAmGmm():gmm-init-model.cc:83) Very small count for state 418: 98; corresponding phone list: 34 35 36 37 
WARNING (gmm-init-model:InitAmGmm():gmm-init-model.cc:83) Very small count for state 419: 36; corresponding phone list: 250 251 252 253 254 255 256 257 258 259 260 261 262 263 264 265 
WARNING (gmm-init-model:InitAmGmm():gmm-init-model.cc:83) Very small count for state 421: 14; corresponding phone list: 6 7 8 9 
WARNING (gmm-init-model:InitAmGmm():gmm-init-model.cc:83) Very small count for state 422: 67; corresponding phone list: 250 251 252 253 254 255 256 257 258 259 260 261 262 263 264 265 
WARNING (gmm-init-model:InitAmGmm():gmm-init-model.cc:83) Very small count for state 424: 56; corresponding phone list: 310 311 312 313 314 315 316 317 318 319 320 321 322 323 324 325 
WARNING (gmm-init-model:InitAmGmm():gmm-init-model.cc:83) Very small count for state 432: 98; corresponding phone list: 282 283 284 285 
WARNING (gmm-init-model:InitAmGmm():gmm-init-model.cc:83) Very small count for state 435: 89; corresponding phone list: 202 203 204 205 210 211 212 213 214 215 216 217 
WARNING (gmm-init-model:InitAmGmm():gmm-init-model.cc:83) Very small count for state 436: 11; corresponding phone list: 46 47 48 49 50 51 52 53 54 55 56 57 58 59 60 61 
WARNING (gmm-init-model:InitAmGmm():gmm-init-model.cc:83) Very small count for state 437: 93; corresponding phone list: 142 143 144 145 
WARNING (gmm-init-model:InitAmGmm():gmm-init-model.cc:83) Very small count for state 440: 77; corresponding phone list: 310 311 312 313 314 315 316 317 318 319 320 321 322 323 324 325 
WARNING (gmm-init-model:InitAmGmm():gmm-init-model.cc:83) Very small count for state 441: 73; corresponding phone list: 310 311 312 313 314 315 316 317 318 319 320 321 322 323 324 325 
WARNING (gmm-init-model:InitAmGmm():gmm-init-model.cc:83) Very small count for state 446: 95; corresponding phone list: 106 107 108 109 
WARNING (gmm-init-model:InitAmGmm():gmm-init-model.cc:83) Very small count for state 448: 92; corresponding phone list: 26 28 29 
WARNING (gmm-init-model:InitAmGmm():gmm-init-model.cc:83) Very small count for state 451: 32; corresponding phone list: 86 87 88 89 
WARNING (gmm-init-model:InitAmGmm():gmm-init-model.cc:83) Very small count for state 456: 95; corresponding phone list: 64 68 72 76 
WARNING (gmm-init-model:InitAmGmm():gmm-init-model.cc:83) Very small count for state 461: 53; corresponding phone list: 286 287 288 289 290 291 292 293 294 295 296 297 298 299 300 301 
WARNING (gmm-init-model:InitAmGmm():gmm-init-model.cc:83) Very small count for state 467: 89; corresponding phone list: 166 167 169 
WARNING (gmm-init-model:InitAmGmm():gmm-init-model.cc:83) Very small count for state 475: 83; corresponding phone list: 146 147 148 149 150 151 152 153 154 155 156 157 158 159 160 161 
WARNING (gmm-init-model:InitAmGmm():gmm-init-model.cc:83) Very small count for state 480: 76; corresponding phone list: 286 287 288 289 290 291 292 293 294 295 296 297 298 299 300 301 
WARNING (gmm-init-model:InitAmGmm():gmm-init-model.cc:83) Very small count for state 481: 66; corresponding phone list: 6 7 8 9 
WARNING (gmm-init-model:InitAmGmm():gmm-init-model.cc:83) Very small count for state 482: 93; corresponding phone list: 62 63 64 65 66 67 68 69 70 71 72 73 74 75 76 77 
WARNING (gmm-init-model:InitAmGmm():gmm-init-model.cc:83) Very small count for state 485: 82; corresponding phone list: 134 135 136 137 
WARNING (gmm-init-model:InitAmGmm():gmm-init-model.cc:83) Very small count for state 487: 85; corresponding phone list: 282 283 284 285 
WARNING (gmm-init-model:InitAmGmm():gmm-init-model.cc:83) Very small count for state 494: 37; corresponding phone list: 287 288 289 291 292 293 295 296 297 299 300 301 
WARNING (gmm-init-model:InitAmGmm():gmm-init-model.cc:83) Very small count for state 495: 78; corresponding phone list: 130 131 132 133 
WARNING (gmm-init-model:InitAmGmm():gmm-init-model.cc:83) Very small count for state 496: 51; corresponding phone list: 62 63 64 65 66 67 68 69 70 71 72 73 74 75 76 77 
WARNING (gmm-init-model:InitAmGmm():gmm-init-model.cc:83) Very small count for state 501: 95; corresponding phone list: 202 203 204 205 206 207 208 209 210 211 212 213 214 215 216 217 
WARNING (gmm-init-model:InitAmGmm():gmm-init-model.cc:83) Very small count for state 502: 68; corresponding phone list: 170 171 172 173 174 175 176 177 178 179 180 181 182 183 184 185 
WARNING (gmm-init-model:InitAmGmm():gmm-init-model.cc:83) Very small count for state 505: 63; corresponding phone list: 282 283 284 285 
WARNING (gmm-init-model:InitAmGmm():gmm-init-model.cc:83) Very small count for state 506: 88; corresponding phone list: 162 163 164 165 
WARNING (gmm-init-model:InitAmGmm():gmm-init-model.cc:83) Very small count for state 512: 52; corresponding phone list: 287 288 289 291 292 293 295 296 297 299 300 301 
WARNING (gmm-init-model:InitAmGmm():gmm-init-model.cc:83) Very small count for state 513: 31; corresponding phone list: 287 288 289 291 292 293 295 296 297 299 300 301 
WARNING (gmm-init-model:InitAmGmm():gmm-init-model.cc:83) Very small count for state 516: 56; corresponding phone list: 266 267 268 269 270 271 272 273 274 275 276 277 278 279 280 281 
WARNING (gmm-init-model:InitAmGmm():gmm-init-model.cc:83) Very small count for state 521: 79; corresponding phone list: 162 163 164 165 
WARNING (gmm-init-model:InitAmGmm():gmm-init-model.cc:83) Very small count for state 532: 79; corresponding phone list: 106 107 108 109 
WARNING (gmm-init-model:InitAmGmm():gmm-init-model.cc:83) Very small count for state 534: 93; corresponding phone list: 246 247 248 249 
WARNING (gmm-init-model:InitAmGmm():gmm-init-model.cc:83) Very small count for state 546: 75; corresponding phone list: 218 219 220 221 
WARNING (gmm-init-model:InitAmGmm():gmm-init-model.cc:83) Very small count for state 552: 78; corresponding phone list: 170 171 172 173 174 175 176 177 178 179 180 181 182 183 184 185 
WARNING (gmm-init-model:InitAmGmm():gmm-init-model.cc:83) Very small count for state 555: 32; corresponding phone list: 326 327 328 329 330 331 332 333 334 335 336 337 338 339 340 341 
WARNING (gmm-init-model:InitAmGmm():gmm-init-model.cc:83) Very small count for state 556: 46; corresponding phone list: 306 307 308 309 
WARNING (gmm-init-model:InitAmGmm():gmm-init-model.cc:83) Very small count for state 557: 51; corresponding phone list: 38 39 40 41 
WARNING (gmm-init-model:InitAmGmm():gmm-init-model.cc:83) Very small count for state 560: 91; corresponding phone list: 286 287 288 289 290 291 292 293 294 295 296 297 298 299 300 301 
WARNING (gmm-init-model:InitAmGmm():gmm-init-model.cc:83) Very small count for state 561: 52; corresponding phone list: 78 79 80 81 
WARNING (gmm-init-model:InitAmGmm():gmm-init-model.cc:83) Very small count for state 563: 94; corresponding phone list: 42 43 44 45 
WARNING (gmm-init-model:InitAmGmm():gmm-init-model.cc:83) Very small count for state 565: 52; corresponding phone list: 166 167 169 
WARNING (gmm-init-model:InitAmGmm():gmm-init-model.cc:83) Very small count for state 569: 41; corresponding phone list: 62 63 64 65 66 67 68 69 70 71 72 73 74 75 76 77 
WARNING (gmm-init-model:InitAmGmm():gmm-init-model.cc:83) Very small count for state 571: 12; corresponding phone list: 62 63 64 65 66 67 68 69 70 71 72 73 74 75 76 77 
WARNING (gmm-init-model:InitAmGmm():gmm-init-model.cc:83) Very small count for state 577: 47; corresponding phone list: 30 31 32 33 
WARNING (gmm-init-model:InitAmGmm():gmm-init-model.cc:83) Very small count for state 578: 18; corresponding phone list: 134 135 136 137 
WARNING (gmm-init-model:InitAmGmm():gmm-init-model.cc:83) Very small count for state 580: 80; corresponding phone list: 306 307 308 309 
WARNING (gmm-init-model:InitAmGmm():gmm-init-model.cc:83) Very small count for state 590: 81; corresponding phone list: 46 47 48 49 50 51 52 53 54 55 56 57 58 59 60 61 
WARNING (gmm-init-model:InitAmGmm():gmm-init-model.cc:83) Very small count for state 591: 66; corresponding phone list: 146 147 148 149 150 151 152 153 154 155 156 157 158 159 160 161 
WARNING (gmm-init-model:InitAmGmm():gmm-init-model.cc:83) Very small count for state 593: 12; corresponding phone list: 218 219 220 221 
WARNING (gmm-init-model:InitAmGmm():gmm-init-model.cc:83) Very small count for state 599: 76; corresponding phone list: 138 139 140 141 
WARNING (gmm-init-model:InitAmGmm():gmm-init-model.cc:83) Very small count for state 610: 45; corresponding phone list: 26 27 28 29 
WARNING (gmm-init-model:InitAmGmm():gmm-init-model.cc:83) Very small count for state 613: 92; corresponding phone list: 86 87 88 89 
WARNING (gmm-init-model:InitAmGmm():gmm-init-model.cc:83) Very small count for state 616: 98; corresponding phone list: 222 223 224 225 
WARNING (gmm-init-model:InitAmGmm():gmm-init-model.cc:83) Very small count for state 620: 87; corresponding phone list: 302 303 304 305 
WARNING (gmm-init-model:InitAmGmm():gmm-init-model.cc:83) Very small count for state 623: 94; corresponding phone list: 62 63 64 65 66 67 68 69 70 71 72 73 74 75 76 77 
WARNING (gmm-init-model:InitAmGmm():gmm-init-model.cc:83) Very small count for state 633: 16; corresponding phone list: 62 63 65 66 67 69 70 71 73 74 75 77 
WARNING (gmm-init-model:InitAmGmm():gmm-init-model.cc:83) Very small count for state 637: 94; corresponding phone list: 78 79 80 81 
WARNING (gmm-init-model:InitAmGmm():gmm-init-model.cc:83) Very small count for state 642: 83; corresponding phone list: 106 107 108 109 
WARNING (gmm-init-model:InitAmGmm():gmm-init-model.cc:83) Very small count for state 655: 31; corresponding phone list: 46 47 48 49 50 51 52 53 54 55 56 57 58 59 60 61 
WARNING (gmm-init-model:InitAmGmm():gmm-init-model.cc:83) Very small count for state 656: 91; corresponding phone list: 46 47 48 49 50 51 52 53 54 55 56 57 58 59 60 61 
WARNING (gmm-init-model:InitAmGmm():gmm-init-model.cc:83) Very small count for state 659: 13; corresponding phone list: 310 311 312 313 318 319 320 321 322 323 324 325 
WARNING (gmm-init-model:InitAmGmm():gmm-init-model.cc:83) Very small count for state 665: 31; corresponding phone list: 10 11 12 13 14 15 16 17 18 19 20 21 22 23 24 25 
WARNING (gmm-init-model:InitAmGmm():gmm-init-model.cc:83) Very small count for state 671: 49; corresponding phone list: 266 267 268 269 270 271 272 273 274 275 276 277 278 279 280 281 
WARNING (gmm-init-model:InitAmGmm():gmm-init-model.cc:83) Very small count for state 672: 64; corresponding phone list: 62 63 65 66 67 69 70 71 73 74 75 77 
WARNING (gmm-init-model:InitAmGmm():gmm-init-model.cc:83) Very small count for state 673: 42; corresponding phone list: 286 287 288 289 290 291 292 293 294 295 296 297 298 299 300 301 
WARNING (gmm-init-model:InitAmGmm():gmm-init-model.cc:83) Very small count for state 675: 95; corresponding phone list: 250 251 252 253 254 255 256 257 258 259 260 261 262 263 264 265 
WARNING (gmm-init-model:InitAmGmm():gmm-init-model.cc:83) Very small count for state 677: 68; corresponding phone list: 186 187 188 189 190 191 192 193 194 195 196 197 198 199 200 201 
WARNING (gmm-init-model:InitAmGmm():gmm-init-model.cc:83) Very small count for state 678: 92; corresponding phone list: 302 303 304 305 
WARNING (gmm-init-model:InitAmGmm():gmm-init-model.cc:83) Very small count for state 683: 94; corresponding phone list: 62 63 64 65 66 67 68 69 70 71 72 73 74 75 76 77 
WARNING (gmm-init-model:InitAmGmm():gmm-init-model.cc:83) Very small count for state 692: 16; corresponding phone list: 282 283 284 285 
WARNING (gmm-init-model:InitAmGmm():gmm-init-model.cc:83) Very small count for state 705: 15; corresponding phone list: 186 187 188 189 190 191 192 193 194 195 196 197 198 199 200 201 
WARNING (gmm-init-model:InitAmGmm():gmm-init-model.cc:83) Very small count for state 707: 16; corresponding phone list: 90 91 92 93 94 95 96 97 98 99 100 101 102 103 104 105 
WARNING (gmm-init-model:InitAmGmm():gmm-init-model.cc:83) Very small count for state 712: 97; corresponding phone list: 310 311 312 313 314 315 316 317 318 319 320 321 322 323 324 325 
WARNING (gmm-init-model:InitAmGmm():gmm-init-model.cc:83) Very small count for state 713: 46; corresponding phone list: 186 187 188 189 190 191 192 193 194 195 196 197 198 199 200 201 
WARNING (gmm-init-model:InitAmGmm():gmm-init-model.cc:83) Very small count for state 731: 68; corresponding phone list: 62 63 64 65 66 67 68 69 70 71 72 73 74 75 76 77 
WARNING (gmm-init-model:InitAmGmm():gmm-init-model.cc:83) Very small count for state 736: 32; corresponding phone list: 310 311 312 313 314 315 316 317 318 319 320 321 322 323 324 325 
WARNING (gmm-init-model:InitAmGmm():gmm-init-model.cc:83) Very small count for state 743: 69; corresponding phone list: 62 63 64 65 66 67 68 69 70 71 72 73 74 75 76 77 
WARNING (gmm-init-model:InitAmGmm():gmm-init-model.cc:83) Very small count for state 749: 50; corresponding phone list: 146 147 148 149 150 151 152 153 154 155 156 157 158 159 160 161 
WARNING (gmm-init-model:InitAmGmm():gmm-init-model.cc:83) Very small count for state 763: 96; corresponding phone list: 326 327 328 329 330 331 332 333 334 335 336 337 338 339 340 341 
LOG (gmm-init-model:main():gmm-init-model.cc:306) Wrote model.
