# gmm-est --power=0.2 --write-occs=exp/tri3b/7.occs --mix-up=5000 exp/tri3b/6.mdl "gmm-sum-accs - exp/tri3b/6.*.acc |" exp/tri3b/7.mdl 
# Started at Tue Jun 16 16:02:01 IST 2015
#
gmm-est --power=0.2 --write-occs=exp/tri3b/7.occs --mix-up=5000 exp/tri3b/6.mdl 'gmm-sum-accs - exp/tri3b/6.*.acc |' exp/tri3b/7.mdl 
gmm-sum-accs - exp/tri3b/6.1.acc exp/tri3b/6.10.acc exp/tri3b/6.11.acc exp/tri3b/6.12.acc exp/tri3b/6.13.acc exp/tri3b/6.14.acc exp/tri3b/6.15.acc exp/tri3b/6.16.acc exp/tri3b/6.17.acc exp/tri3b/6.18.acc exp/tri3b/6.19.acc exp/tri3b/6.2.acc exp/tri3b/6.20.acc exp/tri3b/6.3.acc exp/tri3b/6.4.acc exp/tri3b/6.5.acc exp/tri3b/6.6.acc exp/tri3b/6.7.acc exp/tri3b/6.8.acc exp/tri3b/6.9.acc 
LOG (gmm-sum-accs:main():gmm-sum-accs.cc:63) Summed 20 stats, total count 171502, avg like/frame -51.5575
LOG (gmm-sum-accs:main():gmm-sum-accs.cc:66) Total count of stats is 171502
LOG (gmm-sum-accs:main():gmm-sum-accs.cc:67) Written stats to -
LOG (gmm-est:MleUpdate():transition-model.cc:393) TransitionModel::Update, objf change is 3.51445e-10 per frame over 171502 frames. 
LOG (gmm-est:MleUpdate():transition-model.cc:396) 22 probabilities floored, 5562 out of 7448 transition-states skipped due to insuffient data (it is normal to have some skipped.)
LOG (gmm-est:main():gmm-est.cc:102) Transition model update: Overall 3.51445e-10 log-like improvement per frame over 171502 frames.
WARNING (gmm-est:MleDiagGmmUpdate():mle-diag-gmm.cc:359) Too little data - removing Gaussian (weight 0.086232, occupation count 8.364476, vector size 40)
WARNING (gmm-est:MleDiagGmmUpdate():mle-diag-gmm.cc:359) Too little data - removing Gaussian (weight 0.072968, occupation count 7.588712, vector size 40)
WARNING (gmm-est:MleDiagGmmUpdate():mle-diag-gmm.cc:359) Too little data - removing Gaussian (weight 0.035053, occupation count 5.012614, vector size 40)
WARNING (gmm-est:MleDiagGmmUpdate():mle-diag-gmm.cc:359) Too little data - removing Gaussian (weight 0.049503, occupation count 7.078939, vector size 40)
WARNING (gmm-est:MleDiagGmmUpdate():mle-diag-gmm.cc:359) Too little data - removing Gaussian (weight 0.058748, occupation count 9.752113, vector size 40)
WARNING (gmm-est:MleDiagGmmUpdate():mle-diag-gmm.cc:359) Too little data - removing Gaussian (weight 0.096006, occupation count 8.928541, vector size 40)
WARNING (gmm-est:MleDiagGmmUpdate():mle-diag-gmm.cc:359) Too little data - removing Gaussian (weight 0.099791, occupation count 9.380339, vector size 40)
WARNING (gmm-est:MleDiagGmmUpdate():mle-diag-gmm.cc:359) Too little data - removing Gaussian (weight 0.116556, occupation count 9.674162, vector size 40)
WARNING (gmm-est:MleDiagGmmUpdate():mle-diag-gmm.cc:359) Too little data - removing Gaussian (weight 0.094401, occupation count 9.912064, vector size 40)
WARNING (gmm-est:MleDiagGmmUpdate():mle-diag-gmm.cc:359) Too little data - removing Gaussian (weight 0.085090, occupation count 8.764265, vector size 40)
WARNING (gmm-est:MleDiagGmmUpdate():mle-diag-gmm.cc:359) Too little data - removing Gaussian (weight 0.075377, occupation count 9.271345, vector size 40)
WARNING (gmm-est:MleDiagGmmUpdate():mle-diag-gmm.cc:359) Too little data - removing Gaussian (weight 0.055326, occupation count 9.018149, vector size 40)
WARNING (gmm-est:MleDiagGmmUpdate():mle-diag-gmm.cc:359) Too little data - removing Gaussian (weight 0.073857, occupation count 8.936750, vector size 40)
WARNING (gmm-est:MleDiagGmmUpdate():mle-diag-gmm.cc:359) Too little data - removing Gaussian (weight 0.077883, occupation count 9.423897, vector size 40)
WARNING (gmm-est:MleDiagGmmUpdate():mle-diag-gmm.cc:359) Too little data - removing Gaussian (weight 0.068087, occupation count 7.625709, vector size 40)
WARNING (gmm-est:MleDiagGmmUpdate():mle-diag-gmm.cc:359) Too little data - removing Gaussian (weight 0.094097, occupation count 8.845147, vector size 40)
WARNING (gmm-est:MleDiagGmmUpdate():mle-diag-gmm.cc:359) Too little data - removing Gaussian (weight 0.079167, occupation count 9.658396, vector size 40)
LOG (gmm-est:MleAmDiagGmmUpdate():mle-am-diag-gmm.cc:225) 1 variance elements floored in 1 Gaussians, out of 4483
LOG (gmm-est:MleAmDiagGmmUpdate():mle-am-diag-gmm.cc:229) Removed 17 Gaussians due to counts < --min-gaussian-occupancy=10 and --remove-low-count-gaussians=true
LOG (gmm-est:main():gmm-est.cc:113) GMM update: Overall 0.421155 objective function improvement per frame over 171502 frames
LOG (gmm-est:main():gmm-est.cc:116) GMM update: Overall avg like per frame = -51.5575 over 171502 frames.
LOG (gmm-est:SplitByCount():am-diag-gmm.cc:116) Split 767 states with target = 5000, power = 0.2, perturb_factor = 0.01 and min_count = 20, split #Gauss from 4483 to 5000
LOG (gmm-est:main():gmm-est.cc:146) Written model to exp/tri3b/7.mdl
# Accounting: time=1 threads=1
# Ended (code 0) at Tue Jun 16 16:02:02 IST 2015, elapsed time 1 seconds
