# gmm-est --power=0.2 --write-occs=exp/tri3b/14.occs --mix-up=8500 exp/tri3b/13.mdl "gmm-sum-accs - exp/tri3b/13.*.acc |" exp/tri3b/14.mdl 
# Started at Tue Jun 16 16:02:18 IST 2015
#
gmm-est --power=0.2 --write-occs=exp/tri3b/14.occs --mix-up=8500 exp/tri3b/13.mdl 'gmm-sum-accs - exp/tri3b/13.*.acc |' exp/tri3b/14.mdl 
gmm-sum-accs - exp/tri3b/13.1.acc exp/tri3b/13.10.acc exp/tri3b/13.11.acc exp/tri3b/13.12.acc exp/tri3b/13.13.acc exp/tri3b/13.14.acc exp/tri3b/13.15.acc exp/tri3b/13.16.acc exp/tri3b/13.17.acc exp/tri3b/13.18.acc exp/tri3b/13.19.acc exp/tri3b/13.2.acc exp/tri3b/13.20.acc exp/tri3b/13.3.acc exp/tri3b/13.4.acc exp/tri3b/13.5.acc exp/tri3b/13.6.acc exp/tri3b/13.7.acc exp/tri3b/13.8.acc exp/tri3b/13.9.acc 
LOG (gmm-sum-accs:main():gmm-sum-accs.cc:63) Summed 20 stats, total count 171502, avg like/frame -47.9418
LOG (gmm-sum-accs:main():gmm-sum-accs.cc:66) Total count of stats is 171502
LOG (gmm-sum-accs:main():gmm-sum-accs.cc:67) Written stats to -
LOG (gmm-est:MleUpdate():transition-model.cc:393) TransitionModel::Update, objf change is 2.31187e-11 per frame over 171502 frames. 
LOG (gmm-est:MleUpdate():transition-model.cc:396) 82 probabilities floored, 5583 out of 7448 transition-states skipped due to insuffient data (it is normal to have some skipped.)
LOG (gmm-est:main():gmm-est.cc:102) Transition model update: Overall 2.31187e-11 log-like improvement per frame over 171502 frames.
WARNING (gmm-est:MleDiagGmmUpdate():mle-diag-gmm.cc:359) Too little data - removing Gaussian (weight 0.078703, occupation count 9.837877, vector size 40)
WARNING (gmm-est:MleDiagGmmUpdate():mle-diag-gmm.cc:359) Too little data - removing Gaussian (weight 0.021090, occupation count 9.343066, vector size 40)
WARNING (gmm-est:MleDiagGmmUpdate():mle-diag-gmm.cc:359) Too little data - removing Gaussian (weight 0.026420, occupation count 8.428101, vector size 40)
WARNING (gmm-est:MleDiagGmmUpdate():mle-diag-gmm.cc:359) Too little data - removing Gaussian (weight 0.027941, occupation count 9.220374, vector size 40)
WARNING (gmm-est:MleDiagGmmUpdate():mle-diag-gmm.cc:359) Too little data - removing Gaussian (weight 0.022011, occupation count 8.716177, vector size 40)
WARNING (gmm-est:MleDiagGmmUpdate():mle-diag-gmm.cc:359) Too little data - removing Gaussian (weight 0.023683, occupation count 7.933834, vector size 40)
WARNING (gmm-est:MleDiagGmmUpdate():mle-diag-gmm.cc:359) Too little data - removing Gaussian (weight 0.037417, occupation count 9.316851, vector size 40)
WARNING (gmm-est:MleDiagGmmUpdate():mle-diag-gmm.cc:359) Too little data - removing Gaussian (weight 0.033663, occupation count 9.089084, vector size 40)
WARNING (gmm-est:MleDiagGmmUpdate():mle-diag-gmm.cc:359) Too little data - removing Gaussian (weight 0.039135, occupation count 9.588187, vector size 40)
WARNING (gmm-est:MleDiagGmmUpdate():mle-diag-gmm.cc:359) Too little data - removing Gaussian (weight 0.047619, occupation count 9.999997, vector size 40)
WARNING (gmm-est:MleDiagGmmUpdate():mle-diag-gmm.cc:359) Too little data - removing Gaussian (weight 0.028677, occupation count 9.778962, vector size 40)
WARNING (gmm-est:MleDiagGmmUpdate():mle-diag-gmm.cc:359) Too little data - removing Gaussian (weight 0.030153, occupation count 9.498168, vector size 40)
WARNING (gmm-est:MleDiagGmmUpdate():mle-diag-gmm.cc:359) Too little data - removing Gaussian (weight 0.018475, occupation count 9.108124, vector size 40)
WARNING (gmm-est:MleDiagGmmUpdate():mle-diag-gmm.cc:359) Too little data - removing Gaussian (weight 0.025809, occupation count 8.000860, vector size 40)
WARNING (gmm-est:MleDiagGmmUpdate():mle-diag-gmm.cc:359) Too little data - removing Gaussian (weight 0.026018, occupation count 8.612049, vector size 40)
WARNING (gmm-est:MleDiagGmmUpdate():mle-diag-gmm.cc:359) Too little data - removing Gaussian (weight 0.030368, occupation count 8.199232, vector size 40)
WARNING (gmm-est:MleDiagGmmUpdate():mle-diag-gmm.cc:359) Too little data - removing Gaussian (weight 0.021594, occupation count 8.292195, vector size 40)
WARNING (gmm-est:MleDiagGmmUpdate():mle-diag-gmm.cc:359) Too little data - removing Gaussian (weight 0.028590, occupation count 9.006006, vector size 40)
WARNING (gmm-est:MleDiagGmmUpdate():mle-diag-gmm.cc:359) Too little data - removing Gaussian (weight 0.039589, occupation count 9.897225, vector size 40)
WARNING (gmm-est:MleDiagGmmUpdate():mle-diag-gmm.cc:359) Too little data - removing Gaussian (weight 0.032695, occupation count 9.219862, vector size 40)
LOG (gmm-est:MleAmDiagGmmUpdate():mle-am-diag-gmm.cc:225) 1 variance elements floored in 1 Gaussians, out of 8022
LOG (gmm-est:MleAmDiagGmmUpdate():mle-am-diag-gmm.cc:229) Removed 20 Gaussians due to counts < --min-gaussian-occupancy=10 and --remove-low-count-gaussians=true
LOG (gmm-est:main():gmm-est.cc:113) GMM update: Overall 0.222981 objective function improvement per frame over 171502 frames
LOG (gmm-est:main():gmm-est.cc:116) GMM update: Overall avg like per frame = -47.9418 over 171502 frames.
WARNING (gmm-est:GetSplitTargets():model-common.cc:134) Could not split up to 8500 due to min-count = 20 (or no counts at all)

LOG (gmm-est:SplitByCount():am-diag-gmm.cc:116) Split 767 states with target = 8500, power = 0.2, perturb_factor = 0.01 and min_count = 20, split #Gauss from 8022 to 8210
LOG (gmm-est:main():gmm-est.cc:146) Written model to exp/tri3b/14.mdl
# Accounting: time=1 threads=1
# Ended (code 0) at Tue Jun 16 16:02:19 IST 2015, elapsed time 1 seconds
