# gmm-est --power=0.2 --write-occs=exp/tri3b/33.occs --mix-up=15000 exp/tri3b/32.mdl "gmm-sum-accs - exp/tri3b/32.*.acc |" exp/tri3b/33.mdl 
# Started at Tue Jun 16 16:03:04 IST 2015
#
gmm-est --power=0.2 --write-occs=exp/tri3b/33.occs --mix-up=15000 exp/tri3b/32.mdl 'gmm-sum-accs - exp/tri3b/32.*.acc |' exp/tri3b/33.mdl 
gmm-sum-accs - exp/tri3b/32.1.acc exp/tri3b/32.10.acc exp/tri3b/32.11.acc exp/tri3b/32.12.acc exp/tri3b/32.13.acc exp/tri3b/32.14.acc exp/tri3b/32.15.acc exp/tri3b/32.16.acc exp/tri3b/32.17.acc exp/tri3b/32.18.acc exp/tri3b/32.19.acc exp/tri3b/32.2.acc exp/tri3b/32.20.acc exp/tri3b/32.3.acc exp/tri3b/32.4.acc exp/tri3b/32.5.acc exp/tri3b/32.6.acc exp/tri3b/32.7.acc exp/tri3b/32.8.acc exp/tri3b/32.9.acc 
LOG (gmm-sum-accs:main():gmm-sum-accs.cc:63) Summed 20 stats, total count 171502, avg like/frame -46.1518
LOG (gmm-sum-accs:main():gmm-sum-accs.cc:66) Total count of stats is 171502
LOG (gmm-sum-accs:main():gmm-sum-accs.cc:67) Written stats to -
LOG (gmm-est:MleUpdate():transition-model.cc:393) TransitionModel::Update, objf change is 2.40298e-10 per frame over 171502 frames. 
LOG (gmm-est:MleUpdate():transition-model.cc:396) 85 probabilities floored, 5582 out of 7448 transition-states skipped due to insuffient data (it is normal to have some skipped.)
LOG (gmm-est:main():gmm-est.cc:102) Transition model update: Overall 2.40298e-10 log-like improvement per frame over 171502 frames.
WARNING (gmm-est:MleDiagGmmUpdate():mle-diag-gmm.cc:359) Too little data - removing Gaussian (weight 0.004314, occupation count 9.970604, vector size 40)
WARNING (gmm-est:MleDiagGmmUpdate():mle-diag-gmm.cc:359) Too little data - removing Gaussian (weight 0.032895, occupation count 9.999972, vector size 40)
LOG (gmm-est:MleAmDiagGmmUpdate():mle-am-diag-gmm.cc:225) 1 variance elements floored in 1 Gaussians, out of 8247
LOG (gmm-est:MleAmDiagGmmUpdate():mle-am-diag-gmm.cc:229) Removed 2 Gaussians due to counts < --min-gaussian-occupancy=10 and --remove-low-count-gaussians=true
LOG (gmm-est:main():gmm-est.cc:113) GMM update: Overall 0.00431392 objective function improvement per frame over 171502 frames
LOG (gmm-est:main():gmm-est.cc:116) GMM update: Overall avg like per frame = -46.1518 over 171502 frames.
WARNING (gmm-est:GetSplitTargets():model-common.cc:134) Could not split up to 15000 due to min-count = 20 (or no counts at all)

LOG (gmm-est:SplitByCount():am-diag-gmm.cc:116) Split 767 states with target = 15000, power = 0.2, perturb_factor = 0.01 and min_count = 20, split #Gauss from 8247 to 8249
LOG (gmm-est:main():gmm-est.cc:146) Written model to exp/tri3b/33.mdl
# Accounting: time=1 threads=1
# Ended (code 0) at Tue Jun 16 16:03:05 IST 2015, elapsed time 1 seconds
