# gmm-est --power=0.2 --write-occs=exp/tri3b/12.occs --mix-up=7500 exp/tri3b/11.mdl "gmm-sum-accs - exp/tri3b/11.*.acc |" exp/tri3b/12.mdl 
# Started at Tue Jun 16 16:02:12 IST 2015
#
gmm-est --power=0.2 --write-occs=exp/tri3b/12.occs --mix-up=7500 exp/tri3b/11.mdl 'gmm-sum-accs - exp/tri3b/11.*.acc |' exp/tri3b/12.mdl 
gmm-sum-accs - exp/tri3b/11.1.acc exp/tri3b/11.10.acc exp/tri3b/11.11.acc exp/tri3b/11.12.acc exp/tri3b/11.13.acc exp/tri3b/11.14.acc exp/tri3b/11.15.acc exp/tri3b/11.16.acc exp/tri3b/11.17.acc exp/tri3b/11.18.acc exp/tri3b/11.19.acc exp/tri3b/11.2.acc exp/tri3b/11.20.acc exp/tri3b/11.3.acc exp/tri3b/11.4.acc exp/tri3b/11.5.acc exp/tri3b/11.6.acc exp/tri3b/11.7.acc exp/tri3b/11.8.acc exp/tri3b/11.9.acc 
LOG (gmm-sum-accs:main():gmm-sum-accs.cc:63) Summed 20 stats, total count 171502, avg like/frame -48.7623
LOG (gmm-sum-accs:main():gmm-sum-accs.cc:66) Total count of stats is 171502
LOG (gmm-sum-accs:main():gmm-sum-accs.cc:67) Written stats to -
LOG (gmm-est:MleUpdate():transition-model.cc:393) TransitionModel::Update, objf change is 2.31187e-11 per frame over 171502 frames. 
LOG (gmm-est:MleUpdate():transition-model.cc:396) 82 probabilities floored, 5583 out of 7448 transition-states skipped due to insuffient data (it is normal to have some skipped.)
LOG (gmm-est:main():gmm-est.cc:102) Transition model update: Overall 2.31187e-11 log-like improvement per frame over 171502 frames.
WARNING (gmm-est:MleDiagGmmUpdate():mle-diag-gmm.cc:359) Too little data - removing Gaussian (weight 0.055071, occupation count 9.857735, vector size 40)
WARNING (gmm-est:MleDiagGmmUpdate():mle-diag-gmm.cc:359) Too little data - removing Gaussian (weight 0.041962, occupation count 9.399426, vector size 40)
WARNING (gmm-est:MleDiagGmmUpdate():mle-diag-gmm.cc:359) Too little data - removing Gaussian (weight 0.060920, occupation count 9.990807, vector size 40)
WARNING (gmm-est:MleDiagGmmUpdate():mle-diag-gmm.cc:359) Too little data - removing Gaussian (weight 0.097487, occupation count 9.943702, vector size 40)
WARNING (gmm-est:MleDiagGmmUpdate():mle-diag-gmm.cc:359) Too little data - removing Gaussian (weight 0.067329, occupation count 9.493446, vector size 40)
WARNING (gmm-est:MleDiagGmmUpdate():mle-diag-gmm.cc:359) Too little data - removing Gaussian (weight 0.178571, occupation count 10.000000, vector size 40)
WARNING (gmm-est:MleDiagGmmUpdate():mle-diag-gmm.cc:359) Too little data - removing Gaussian (weight 0.041803, occupation count 9.698394, vector size 40)
WARNING (gmm-est:MleDiagGmmUpdate():mle-diag-gmm.cc:359) Too little data - removing Gaussian (weight 0.122665, occupation count 9.935855, vector size 40)
WARNING (gmm-est:MleDiagGmmUpdate():mle-diag-gmm.cc:359) Too little data - removing Gaussian (weight 0.080576, occupation count 9.991432, vector size 40)
WARNING (gmm-est:MleDiagGmmUpdate():mle-diag-gmm.cc:359) Too little data - removing Gaussian (weight 0.036668, occupation count 9.240399, vector size 40)
WARNING (gmm-est:MleDiagGmmUpdate():mle-diag-gmm.cc:359) Too little data - removing Gaussian (weight 0.037339, occupation count 9.633462, vector size 40)
WARNING (gmm-est:MleDiagGmmUpdate():mle-diag-gmm.cc:359) Too little data - removing Gaussian (weight 0.028266, occupation count 8.988723, vector size 40)
WARNING (gmm-est:MleDiagGmmUpdate():mle-diag-gmm.cc:359) Too little data - removing Gaussian (weight 0.059276, occupation count 9.602641, vector size 40)
WARNING (gmm-est:MleDiagGmmUpdate():mle-diag-gmm.cc:359) Too little data - removing Gaussian (weight 0.070836, occupation count 9.350310, vector size 40)
WARNING (gmm-est:MleDiagGmmUpdate():mle-diag-gmm.cc:359) Too little data - removing Gaussian (weight 0.093453, occupation count 9.999446, vector size 40)
WARNING (gmm-est:MleDiagGmmUpdate():mle-diag-gmm.cc:359) Too little data - removing Gaussian (weight 0.054963, occupation count 9.948361, vector size 40)
WARNING (gmm-est:MleDiagGmmUpdate():mle-diag-gmm.cc:359) Too little data - removing Gaussian (weight 0.052258, occupation count 9.981190, vector size 40)
WARNING (gmm-est:MleDiagGmmUpdate():mle-diag-gmm.cc:359) Too little data - removing Gaussian (weight 0.056177, occupation count 9.999556, vector size 40)
WARNING (gmm-est:MleDiagGmmUpdate():mle-diag-gmm.cc:359) Too little data - removing Gaussian (weight 0.036918, occupation count 9.008059, vector size 40)
LOG (gmm-est:MleAmDiagGmmUpdate():mle-am-diag-gmm.cc:225) 1 variance elements floored in 1 Gaussians, out of 7029
LOG (gmm-est:MleAmDiagGmmUpdate():mle-am-diag-gmm.cc:229) Removed 19 Gaussians due to counts < --min-gaussian-occupancy=10 and --remove-low-count-gaussians=true
LOG (gmm-est:main():gmm-est.cc:113) GMM update: Overall 0.234681 objective function improvement per frame over 171502 frames
LOG (gmm-est:main():gmm-est.cc:116) GMM update: Overall avg like per frame = -48.7623 over 171502 frames.
LOG (gmm-est:SplitByCount():am-diag-gmm.cc:116) Split 767 states with target = 7500, power = 0.2, perturb_factor = 0.01 and min_count = 20, split #Gauss from 7029 to 7546
LOG (gmm-est:main():gmm-est.cc:146) Written model to exp/tri3b/12.mdl
# Accounting: time=1 threads=1
# Ended (code 0) at Tue Jun 16 16:02:13 IST 2015, elapsed time 1 seconds
