# gmm-est --power=0.2 --write-occs=exp/tri3b/9.occs --mix-up=6000 exp/tri3b/8.mdl "gmm-sum-accs - exp/tri3b/8.*.acc |" exp/tri3b/9.mdl 
# Started at Tue Jun 16 16:02:05 IST 2015
#
gmm-est --power=0.2 --write-occs=exp/tri3b/9.occs --mix-up=6000 exp/tri3b/8.mdl 'gmm-sum-accs - exp/tri3b/8.*.acc |' exp/tri3b/9.mdl 
gmm-sum-accs - exp/tri3b/8.1.acc exp/tri3b/8.10.acc exp/tri3b/8.11.acc exp/tri3b/8.12.acc exp/tri3b/8.13.acc exp/tri3b/8.14.acc exp/tri3b/8.15.acc exp/tri3b/8.16.acc exp/tri3b/8.17.acc exp/tri3b/8.18.acc exp/tri3b/8.19.acc exp/tri3b/8.2.acc exp/tri3b/8.20.acc exp/tri3b/8.3.acc exp/tri3b/8.4.acc exp/tri3b/8.5.acc exp/tri3b/8.6.acc exp/tri3b/8.7.acc exp/tri3b/8.8.acc exp/tri3b/8.9.acc 
LOG (gmm-sum-accs:main():gmm-sum-accs.cc:63) Summed 20 stats, total count 171502, avg like/frame -50.386
LOG (gmm-sum-accs:main():gmm-sum-accs.cc:66) Total count of stats is 171502
LOG (gmm-sum-accs:main():gmm-sum-accs.cc:67) Written stats to -
LOG (gmm-est:MleUpdate():transition-model.cc:393) TransitionModel::Update, objf change is 3.51445e-10 per frame over 171502 frames. 
LOG (gmm-est:MleUpdate():transition-model.cc:396) 22 probabilities floored, 5562 out of 7448 transition-states skipped due to insuffient data (it is normal to have some skipped.)
LOG (gmm-est:main():gmm-est.cc:102) Transition model update: Overall 3.51445e-10 log-like improvement per frame over 171502 frames.
WARNING (gmm-est:MleDiagGmmUpdate():mle-diag-gmm.cc:359) Too little data - removing Gaussian (weight 0.042346, occupation count 6.055430, vector size 40)
WARNING (gmm-est:MleDiagGmmUpdate():mle-diag-gmm.cc:359) Too little data - removing Gaussian (weight 0.149253, occupation count 9.999941, vector size 40)
WARNING (gmm-est:MleDiagGmmUpdate():mle-diag-gmm.cc:359) Too little data - removing Gaussian (weight 0.093786, occupation count 8.534530, vector size 40)
WARNING (gmm-est:MleDiagGmmUpdate():mle-diag-gmm.cc:359) Too little data - removing Gaussian (weight 0.069265, occupation count 9.212266, vector size 40)
WARNING (gmm-est:MleDiagGmmUpdate():mle-diag-gmm.cc:359) Too little data - removing Gaussian (weight 0.063729, occupation count 9.113233, vector size 40)
WARNING (gmm-est:MleDiagGmmUpdate():mle-diag-gmm.cc:359) Too little data - removing Gaussian (weight 0.048484, occupation count 5.333234, vector size 40)
WARNING (gmm-est:MleDiagGmmUpdate():mle-diag-gmm.cc:359) Too little data - removing Gaussian (weight 0.070764, occupation count 9.270021, vector size 40)
WARNING (gmm-est:MleDiagGmmUpdate():mle-diag-gmm.cc:359) Too little data - removing Gaussian (weight 0.059152, occupation count 7.926390, vector size 40)
WARNING (gmm-est:MleDiagGmmUpdate():mle-diag-gmm.cc:359) Too little data - removing Gaussian (weight 0.063856, occupation count 8.939784, vector size 40)
WARNING (gmm-est:MleDiagGmmUpdate():mle-diag-gmm.cc:359) Too little data - removing Gaussian (weight 0.079197, occupation count 9.582821, vector size 40)
WARNING (gmm-est:MleDiagGmmUpdate():mle-diag-gmm.cc:359) Too little data - removing Gaussian (weight 0.069185, occupation count 9.478335, vector size 40)
WARNING (gmm-est:MleDiagGmmUpdate():mle-diag-gmm.cc:359) Too little data - removing Gaussian (weight 0.108694, occupation count 9.999888, vector size 40)
WARNING (gmm-est:MleDiagGmmUpdate():mle-diag-gmm.cc:359) Too little data - removing Gaussian (weight 0.067898, occupation count 9.981073, vector size 40)
WARNING (gmm-est:MleDiagGmmUpdate():mle-diag-gmm.cc:359) Too little data - removing Gaussian (weight 0.067162, occupation count 9.872827, vector size 40)
LOG (gmm-est:MleAmDiagGmmUpdate():mle-am-diag-gmm.cc:225) 1 variance elements floored in 1 Gaussians, out of 5486
LOG (gmm-est:MleAmDiagGmmUpdate():mle-am-diag-gmm.cc:229) Removed 14 Gaussians due to counts < --min-gaussian-occupancy=10 and --remove-low-count-gaussians=true
LOG (gmm-est:main():gmm-est.cc:113) GMM update: Overall 0.26669 objective function improvement per frame over 171502 frames
LOG (gmm-est:main():gmm-est.cc:116) GMM update: Overall avg like per frame = -50.386 over 171502 frames.
LOG (gmm-est:SplitByCount():am-diag-gmm.cc:116) Split 767 states with target = 6000, power = 0.2, perturb_factor = 0.01 and min_count = 20, split #Gauss from 5486 to 6000
LOG (gmm-est:main():gmm-est.cc:146) Written model to exp/tri3b/9.mdl
# Accounting: time=1 threads=1
# Ended (code 0) at Tue Jun 16 16:02:06 IST 2015, elapsed time 1 seconds
