# gmm-est --power=0.2 --write-occs=exp/tri3b/31.occs --mix-up=15000 exp/tri3b/30.mdl "gmm-sum-accs - exp/tri3b/30.*.acc |" exp/tri3b/31.mdl 
# Started at Tue Jun 16 16:03:00 IST 2015
#
gmm-est --power=0.2 --write-occs=exp/tri3b/31.occs --mix-up=15000 exp/tri3b/30.mdl 'gmm-sum-accs - exp/tri3b/30.*.acc |' exp/tri3b/31.mdl 
gmm-sum-accs - exp/tri3b/30.1.acc exp/tri3b/30.10.acc exp/tri3b/30.11.acc exp/tri3b/30.12.acc exp/tri3b/30.13.acc exp/tri3b/30.14.acc exp/tri3b/30.15.acc exp/tri3b/30.16.acc exp/tri3b/30.17.acc exp/tri3b/30.18.acc exp/tri3b/30.19.acc exp/tri3b/30.2.acc exp/tri3b/30.20.acc exp/tri3b/30.3.acc exp/tri3b/30.4.acc exp/tri3b/30.5.acc exp/tri3b/30.6.acc exp/tri3b/30.7.acc exp/tri3b/30.8.acc exp/tri3b/30.9.acc 
LOG (gmm-sum-accs:main():gmm-sum-accs.cc:63) Summed 20 stats, total count 171502, avg like/frame -46.1795
LOG (gmm-sum-accs:main():gmm-sum-accs.cc:66) Total count of stats is 171502
LOG (gmm-sum-accs:main():gmm-sum-accs.cc:67) Written stats to -
LOG (gmm-est:MleUpdate():transition-model.cc:393) TransitionModel::Update, objf change is 3.93889e-05 per frame over 171502 frames. 
LOG (gmm-est:MleUpdate():transition-model.cc:396) 85 probabilities floored, 5582 out of 7448 transition-states skipped due to insuffient data (it is normal to have some skipped.)
LOG (gmm-est:main():gmm-est.cc:102) Transition model update: Overall 3.93889e-05 log-like improvement per frame over 171502 frames.
WARNING (gmm-est:MleDiagGmmUpdate():mle-diag-gmm.cc:359) Too little data - removing Gaussian (weight 0.071358, occupation count 9.990120, vector size 40)
WARNING (gmm-est:MleDiagGmmUpdate():mle-diag-gmm.cc:359) Too little data - removing Gaussian (weight 0.002704, occupation count 9.999931, vector size 40)
WARNING (gmm-est:MleDiagGmmUpdate():mle-diag-gmm.cc:359) Too little data - removing Gaussian (weight 0.049002, occupation count 9.016324, vector size 40)
WARNING (gmm-est:MleDiagGmmUpdate():mle-diag-gmm.cc:359) Too little data - removing Gaussian (weight 0.016207, occupation count 9.999963, vector size 40)
WARNING (gmm-est:MleDiagGmmUpdate():mle-diag-gmm.cc:359) Too little data - removing Gaussian (weight 0.019242, occupation count 9.890212, vector size 40)
LOG (gmm-est:MleAmDiagGmmUpdate():mle-am-diag-gmm.cc:225) 1 variance elements floored in 1 Gaussians, out of 8230
LOG (gmm-est:MleAmDiagGmmUpdate():mle-am-diag-gmm.cc:229) Removed 5 Gaussians due to counts < --min-gaussian-occupancy=10 and --remove-low-count-gaussians=true
LOG (gmm-est:main():gmm-est.cc:113) GMM update: Overall 0.0237715 objective function improvement per frame over 171502 frames
LOG (gmm-est:main():gmm-est.cc:116) GMM update: Overall avg like per frame = -46.1795 over 171502 frames.
WARNING (gmm-est:GetSplitTargets():model-common.cc:134) Could not split up to 15000 due to min-count = 20 (or no counts at all)

LOG (gmm-est:SplitByCount():am-diag-gmm.cc:116) Split 767 states with target = 15000, power = 0.2, perturb_factor = 0.01 and min_count = 20, split #Gauss from 8230 to 8249
LOG (gmm-est:main():gmm-est.cc:146) Written model to exp/tri3b/31.mdl
# Accounting: time=1 threads=1
# Ended (code 0) at Tue Jun 16 16:03:01 IST 2015, elapsed time 1 seconds
