# gmm-est --power=0.2 --write-occs=exp/tri3b/26.occs --mix-up=14500 exp/tri3b/25.mdl "gmm-sum-accs - exp/tri3b/25.*.acc |" exp/tri3b/26.mdl 
# Started at Tue Jun 16 16:02:46 IST 2015
#
gmm-est --power=0.2 --write-occs=exp/tri3b/26.occs --mix-up=14500 exp/tri3b/25.mdl 'gmm-sum-accs - exp/tri3b/25.*.acc |' exp/tri3b/26.mdl 
gmm-sum-accs - exp/tri3b/25.1.acc exp/tri3b/25.10.acc exp/tri3b/25.11.acc exp/tri3b/25.12.acc exp/tri3b/25.13.acc exp/tri3b/25.14.acc exp/tri3b/25.15.acc exp/tri3b/25.16.acc exp/tri3b/25.17.acc exp/tri3b/25.18.acc exp/tri3b/25.19.acc exp/tri3b/25.2.acc exp/tri3b/25.20.acc exp/tri3b/25.3.acc exp/tri3b/25.4.acc exp/tri3b/25.5.acc exp/tri3b/25.6.acc exp/tri3b/25.7.acc exp/tri3b/25.8.acc exp/tri3b/25.9.acc 
LOG (gmm-sum-accs:main():gmm-sum-accs.cc:63) Summed 20 stats, total count 171502, avg like/frame -46.2325
LOG (gmm-sum-accs:main():gmm-sum-accs.cc:66) Total count of stats is 171502
LOG (gmm-sum-accs:main():gmm-sum-accs.cc:67) Written stats to -
LOG (gmm-est:MleUpdate():transition-model.cc:393) TransitionModel::Update, objf change is 6.01463e-10 per frame over 171502 frames. 
LOG (gmm-est:MleUpdate():transition-model.cc:396) 84 probabilities floored, 5582 out of 7448 transition-states skipped due to insuffient data (it is normal to have some skipped.)
LOG (gmm-est:main():gmm-est.cc:102) Transition model update: Overall 6.01463e-10 log-like improvement per frame over 171502 frames.
WARNING (gmm-est:MleDiagGmmUpdate():mle-diag-gmm.cc:359) Too little data - removing Gaussian (weight 0.002649, occupation count 9.873816, vector size 40)
WARNING (gmm-est:MleDiagGmmUpdate():mle-diag-gmm.cc:359) Too little data - removing Gaussian (weight 0.004896, occupation count 9.997311, vector size 40)
WARNING (gmm-est:MleDiagGmmUpdate():mle-diag-gmm.cc:359) Too little data - removing Gaussian (weight 0.035214, occupation count 9.190957, vector size 40)
WARNING (gmm-est:MleDiagGmmUpdate():mle-diag-gmm.cc:359) Too little data - removing Gaussian (weight 0.067105, occupation count 9.998579, vector size 40)
LOG (gmm-est:MleAmDiagGmmUpdate():mle-am-diag-gmm.cc:225) 1 variance elements floored in 1 Gaussians, out of 8232
LOG (gmm-est:MleAmDiagGmmUpdate():mle-am-diag-gmm.cc:229) Removed 4 Gaussians due to counts < --min-gaussian-occupancy=10 and --remove-low-count-gaussians=true
LOG (gmm-est:main():gmm-est.cc:113) GMM update: Overall 0.0112994 objective function improvement per frame over 171502 frames
LOG (gmm-est:main():gmm-est.cc:116) GMM update: Overall avg like per frame = -46.2325 over 171502 frames.
WARNING (gmm-est:GetSplitTargets():model-common.cc:134) Could not split up to 14500 due to min-count = 20 (or no counts at all)

LOG (gmm-est:SplitByCount():am-diag-gmm.cc:116) Split 767 states with target = 14500, power = 0.2, perturb_factor = 0.01 and min_count = 20, split #Gauss from 8232 to 8236
LOG (gmm-est:main():gmm-est.cc:146) Written model to exp/tri3b/26.mdl
# Accounting: time=1 threads=1
# Ended (code 0) at Tue Jun 16 16:02:47 IST 2015, elapsed time 1 seconds
