# gmm-est --power=0.2 --write-occs=exp/tri3b/19.occs --mix-up=11000 exp/tri3b/18.mdl "gmm-sum-accs - exp/tri3b/18.*.acc |" exp/tri3b/19.mdl 
# Started at Tue Jun 16 16:02:29 IST 2015
#
gmm-est --power=0.2 --write-occs=exp/tri3b/19.occs --mix-up=11000 exp/tri3b/18.mdl 'gmm-sum-accs - exp/tri3b/18.*.acc |' exp/tri3b/19.mdl 
gmm-sum-accs - exp/tri3b/18.1.acc exp/tri3b/18.10.acc exp/tri3b/18.11.acc exp/tri3b/18.12.acc exp/tri3b/18.13.acc exp/tri3b/18.14.acc exp/tri3b/18.15.acc exp/tri3b/18.16.acc exp/tri3b/18.17.acc exp/tri3b/18.18.acc exp/tri3b/18.19.acc exp/tri3b/18.2.acc exp/tri3b/18.20.acc exp/tri3b/18.3.acc exp/tri3b/18.4.acc exp/tri3b/18.5.acc exp/tri3b/18.6.acc exp/tri3b/18.7.acc exp/tri3b/18.8.acc exp/tri3b/18.9.acc 
LOG (gmm-sum-accs:main():gmm-sum-accs.cc:63) Summed 20 stats, total count 171502, avg like/frame -46.6375
LOG (gmm-sum-accs:main():gmm-sum-accs.cc:66) Total count of stats is 171502
LOG (gmm-sum-accs:main():gmm-sum-accs.cc:67) Written stats to -
LOG (gmm-est:MleUpdate():transition-model.cc:393) TransitionModel::Update, objf change is 2.31187e-11 per frame over 171502 frames. 
LOG (gmm-est:MleUpdate():transition-model.cc:396) 82 probabilities floored, 5583 out of 7448 transition-states skipped due to insuffient data (it is normal to have some skipped.)
LOG (gmm-est:main():gmm-est.cc:102) Transition model update: Overall 2.31187e-11 log-like improvement per frame over 171502 frames.
WARNING (gmm-est:MleDiagGmmUpdate():mle-diag-gmm.cc:359) Too little data - removing Gaussian (weight 0.002456, occupation count 9.085773, vector size 40)
WARNING (gmm-est:MleDiagGmmUpdate():mle-diag-gmm.cc:359) Too little data - removing Gaussian (weight 0.002642, occupation count 9.772828, vector size 40)
WARNING (gmm-est:MleDiagGmmUpdate():mle-diag-gmm.cc:359) Too little data - removing Gaussian (weight 0.002284, occupation count 8.450171, vector size 40)
WARNING (gmm-est:MleDiagGmmUpdate():mle-diag-gmm.cc:359) Too little data - removing Gaussian (weight 0.003795, occupation count 8.580608, vector size 40)
WARNING (gmm-est:MleDiagGmmUpdate():mle-diag-gmm.cc:359) Too little data - removing Gaussian (weight 0.002056, occupation count 9.316983, vector size 40)
WARNING (gmm-est:MleDiagGmmUpdate():mle-diag-gmm.cc:359) Too little data - removing Gaussian (weight 0.002113, occupation count 9.573228, vector size 40)
WARNING (gmm-est:MleDiagGmmUpdate():mle-diag-gmm.cc:359) Too little data - removing Gaussian (weight 0.001964, occupation count 8.900115, vector size 40)
WARNING (gmm-est:MleDiagGmmUpdate():mle-diag-gmm.cc:359) Too little data - removing Gaussian (weight 0.001991, occupation count 9.022891, vector size 40)
WARNING (gmm-est:MleDiagGmmUpdate():mle-diag-gmm.cc:359) Too little data - removing Gaussian (weight 0.026891, occupation count 9.169887, vector size 40)
WARNING (gmm-est:MleDiagGmmUpdate():mle-diag-gmm.cc:359) Too little data - removing Gaussian (weight 0.011050, occupation count 9.923221, vector size 40)
WARNING (gmm-est:MleDiagGmmUpdate():mle-diag-gmm.cc:359) Too little data - removing Gaussian (weight 0.018486, occupation count 9.982218, vector size 40)
WARNING (gmm-est:MleDiagGmmUpdate():mle-diag-gmm.cc:359) Too little data - removing Gaussian (weight 0.027478, occupation count 9.974539, vector size 40)
WARNING (gmm-est:MleDiagGmmUpdate():mle-diag-gmm.cc:359) Too little data - removing Gaussian (weight 0.054771, occupation count 9.858706, vector size 40)
WARNING (gmm-est:MleDiagGmmUpdate():mle-diag-gmm.cc:359) Too little data - removing Gaussian (weight 0.030101, occupation count 9.572169, vector size 40)
WARNING (gmm-est:MleDiagGmmUpdate():mle-diag-gmm.cc:359) Too little data - removing Gaussian (weight 0.036097, occupation count 9.998883, vector size 40)
WARNING (gmm-est:MleDiagGmmUpdate():mle-diag-gmm.cc:359) Too little data - removing Gaussian (weight 0.007437, occupation count 9.385203, vector size 40)
WARNING (gmm-est:MleDiagGmmUpdate():mle-diag-gmm.cc:359) Too little data - removing Gaussian (weight 0.037719, occupation count 9.995645, vector size 40)
WARNING (gmm-est:MleDiagGmmUpdate():mle-diag-gmm.cc:359) Too little data - removing Gaussian (weight 0.018684, occupation count 9.977221, vector size 40)
LOG (gmm-est:MleAmDiagGmmUpdate():mle-am-diag-gmm.cc:225) 1 variance elements floored in 1 Gaussians, out of 8191
LOG (gmm-est:MleAmDiagGmmUpdate():mle-am-diag-gmm.cc:229) Removed 18 Gaussians due to counts < --min-gaussian-occupancy=10 and --remove-low-count-gaussians=true
LOG (gmm-est:main():gmm-est.cc:113) GMM update: Overall 0.0766606 objective function improvement per frame over 171502 frames
LOG (gmm-est:main():gmm-est.cc:116) GMM update: Overall avg like per frame = -46.6375 over 171502 frames.
WARNING (gmm-est:GetSplitTargets():model-common.cc:134) Could not split up to 11000 due to min-count = 20 (or no counts at all)

LOG (gmm-est:SplitByCount():am-diag-gmm.cc:116) Split 767 states with target = 11000, power = 0.2, perturb_factor = 0.01 and min_count = 20, split #Gauss from 8191 to 8209
LOG (gmm-est:main():gmm-est.cc:146) Written model to exp/tri3b/19.mdl
# Accounting: time=1 threads=1
# Ended (code 0) at Tue Jun 16 16:02:30 IST 2015, elapsed time 1 seconds
