# gmm-est --power=0.2 --write-occs=exp/tri3b/25.occs --mix-up=14000 exp/tri3b/24.mdl "gmm-sum-accs - exp/tri3b/24.*.acc |" exp/tri3b/25.mdl 
# Started at Tue Jun 16 16:02:44 IST 2015
#
gmm-est --power=0.2 --write-occs=exp/tri3b/25.occs --mix-up=14000 exp/tri3b/24.mdl 'gmm-sum-accs - exp/tri3b/24.*.acc |' exp/tri3b/25.mdl 
gmm-sum-accs - exp/tri3b/24.1.acc exp/tri3b/24.10.acc exp/tri3b/24.11.acc exp/tri3b/24.12.acc exp/tri3b/24.13.acc exp/tri3b/24.14.acc exp/tri3b/24.15.acc exp/tri3b/24.16.acc exp/tri3b/24.17.acc exp/tri3b/24.18.acc exp/tri3b/24.19.acc exp/tri3b/24.2.acc exp/tri3b/24.20.acc exp/tri3b/24.3.acc exp/tri3b/24.4.acc exp/tri3b/24.5.acc exp/tri3b/24.6.acc exp/tri3b/24.7.acc exp/tri3b/24.8.acc exp/tri3b/24.9.acc 
LOG (gmm-sum-accs:main():gmm-sum-accs.cc:63) Summed 20 stats, total count 171502, avg like/frame -46.2457
LOG (gmm-sum-accs:main():gmm-sum-accs.cc:66) Total count of stats is 171502
LOG (gmm-sum-accs:main():gmm-sum-accs.cc:67) Written stats to -
LOG (gmm-est:MleUpdate():transition-model.cc:393) TransitionModel::Update, objf change is 6.01463e-10 per frame over 171502 frames. 
LOG (gmm-est:MleUpdate():transition-model.cc:396) 84 probabilities floored, 5582 out of 7448 transition-states skipped due to insuffient data (it is normal to have some skipped.)
LOG (gmm-est:main():gmm-est.cc:102) Transition model update: Overall 6.01463e-10 log-like improvement per frame over 171502 frames.
WARNING (gmm-est:MleDiagGmmUpdate():mle-diag-gmm.cc:359) Too little data - removing Gaussian (weight 0.095949, occupation count 9.690811, vector size 40)
WARNING (gmm-est:MleDiagGmmUpdate():mle-diag-gmm.cc:359) Too little data - removing Gaussian (weight 0.009622, occupation count 9.997401, vector size 40)
WARNING (gmm-est:MleDiagGmmUpdate():mle-diag-gmm.cc:359) Too little data - removing Gaussian (weight 0.020041, occupation count 8.898112, vector size 40)
WARNING (gmm-est:MleDiagGmmUpdate():mle-diag-gmm.cc:359) Too little data - removing Gaussian (weight 0.004894, occupation count 9.993172, vector size 40)
WARNING (gmm-est:MleDiagGmmUpdate():mle-diag-gmm.cc:359) Too little data - removing Gaussian (weight 0.003940, occupation count 9.924643, vector size 40)
WARNING (gmm-est:MleDiagGmmUpdate():mle-diag-gmm.cc:359) Too little data - removing Gaussian (weight 0.025125, occupation count 9.999602, vector size 40)
WARNING (gmm-est:MleDiagGmmUpdate():mle-diag-gmm.cc:359) Too little data - removing Gaussian (weight 0.064935, occupation count 9.999991, vector size 40)
WARNING (gmm-est:MleDiagGmmUpdate():mle-diag-gmm.cc:359) Too little data - removing Gaussian (weight 0.030212, occupation count 9.969963, vector size 40)
WARNING (gmm-est:MleDiagGmmUpdate():mle-diag-gmm.cc:359) Too little data - removing Gaussian (weight 0.041318, occupation count 9.999048, vector size 40)
WARNING (gmm-est:MleDiagGmmUpdate():mle-diag-gmm.cc:359) Too little data - removing Gaussian (weight 0.036626, occupation count 9.998830, vector size 40)
LOG (gmm-est:MleAmDiagGmmUpdate():mle-am-diag-gmm.cc:225) 1 variance elements floored in 1 Gaussians, out of 8228
LOG (gmm-est:MleAmDiagGmmUpdate():mle-am-diag-gmm.cc:229) Removed 10 Gaussians due to counts < --min-gaussian-occupancy=10 and --remove-low-count-gaussians=true
LOG (gmm-est:main():gmm-est.cc:113) GMM update: Overall 0.0151433 objective function improvement per frame over 171502 frames
LOG (gmm-est:main():gmm-est.cc:116) GMM update: Overall avg like per frame = -46.2457 over 171502 frames.
WARNING (gmm-est:GetSplitTargets():model-common.cc:134) Could not split up to 14000 due to min-count = 20 (or no counts at all)

LOG (gmm-est:SplitByCount():am-diag-gmm.cc:116) Split 767 states with target = 14000, power = 0.2, perturb_factor = 0.01 and min_count = 20, split #Gauss from 8228 to 8236
LOG (gmm-est:main():gmm-est.cc:146) Written model to exp/tri3b/25.mdl
# Accounting: time=1 threads=1
# Ended (code 0) at Tue Jun 16 16:02:45 IST 2015, elapsed time 1 seconds
