20150704_082751
/mnt/csx_01/mattia_cerrato/segmentator-23-06/segmentator/audio/2015-05-01_AlJazeera/overlap-clips/2015-05-01_AlJazeera_1253_1268.mp3 matched with 2015-05-01_AlJazeera_Commercial_Vietnam.mp3
score:4.0; time:-2.043355941772461; match time start:0.0; match time stop:15.047891616821289
/mnt/csx_01/mattia_cerrato/segmentator-23-06/segmentator/audio/2015-05-01_AlJazeera/overlap-clips/2015-05-01_AlJazeera_1274_1289.mp3 matched with 2015-05-01_AlJazeera_Commercial_CreditCard.mp3
score:13.0; time:3.9009523391723633; match time start:0.0; match time stop:15.047891616821289
/mnt/csx_01/mattia_cerrato/segmentator-23-06/segmentator/audio/2015-05-01_AlJazeera/overlap-clips/2015-05-01_AlJazeera_1288_1303.mp3 matched with 2015-05-01_AlJazeera_Commercial_CreditCard.mp3
score:22.0; time:17.902584075927734; match time start:0.0; match time stop:15.047891616821289
/mnt/csx_01/mattia_cerrato/segmentator-23-06/segmentator/audio/2015-05-01_AlJazeera/overlap-clips/2015-05-01_AlJazeera_1323_1338.mp3 matched with 2015-05-01_AlJazeera_Commercial_Cancer.mp3
score:4.0; time:22.732336044311523; match time start:0.0; match time stop:15.047891616821289
/mnt/csx_01/mattia_cerrato/segmentator-23-06/segmentator/audio/2015-05-01_AlJazeera/overlap-clips/2015-05-01_AlJazeera_1309_1324.mp3 matched with 2015-05-01_AlJazeera_Commercial_Cancer.mp3
score:4.0; time:8.707483291625977; match time start:0.0; match time stop:15.047891616821289
/mnt/csx_01/mattia_cerrato/segmentator-23-06/segmentator/audio/2015-05-01_AlJazeera/overlap-clips/2015-05-01_AlJazeera_1358_1373.mp3 matched with 2015-05-01_AlJazeera_Commercial_AmericaTonight.mp3
score:14.0; time:-2.0897958278656006; match time start:0.0; match time stop:15.047891616821289
/mnt/csx_01/mattia_cerrato/segmentator-23-06/segmentator/audio/2015-05-01_AlJazeera/overlap-clips/2015-05-01_AlJazeera_1365_1380.mp3 matched with 2015-05-01_AlJazeera_Commercial_AmericaTonight.mp3
score:4.0; time:4.876190185546875; match time start:0.0; match time stop:15.047891616821289
/mnt/csx_01/mattia_cerrato/segmentator-23-06/segmentator/audio/2015-05-01_AlJazeera/overlap-clips/2015-05-01_AlJazeera_1673_1688.mp3 matched with 2015-05-01_AlJazeera_Commercial_CleverGrip.mp3
score:8.0; time:7.4536051750183105; match time start:0.0; match time stop:15.047891616821289
/mnt/csx_01/mattia_cerrato/segmentator-23-06/segmentator/audio/2015-05-01_AlJazeera/overlap-clips/2015-05-01_AlJazeera_1680_1695.mp3 matched with 2015-05-01_AlJazeera_Commercial_CleverGrip.mp3
score:4.0; time:14.419591903686523; match time start:0.0; match time stop:15.047891616821289
/mnt/csx_01/mattia_cerrato/segmentator-23-06/segmentator/audio/2015-05-01_AlJazeera/overlap-clips/2015-05-01_AlJazeera_1687_1702.mp3 matched with 2015-05-01_AlJazeera_Commercial_CleverGrip.mp3
score:5.0; time:21.432018280029297; match time start:0.0; match time stop:15.047891616821289
/mnt/csx_01/mattia_cerrato/segmentator-23-06/segmentator/audio/2015-05-01_AlJazeera/overlap-clips/2015-05-01_AlJazeera_1708_1723.mp3 matched with 2015-05-01_AlJazeera_Commercial_CleverGrip.mp3
score:12.0; time:42.422855377197266; match time start:0.0; match time stop:15.047891616821289
/mnt/csx_01/mattia_cerrato/segmentator-23-06/segmentator/audio/2015-05-01_AlJazeera/overlap-clips/2015-05-01_AlJazeera_1736_1751.mp3 matched with 2015-05-01_AlJazeera_Commercial_CleverGrip.mp3
score:8.0; time:70.4261245727539; match time start:0.0; match time stop:15.047891616821289
/mnt/csx_01/mattia_cerrato/segmentator-23-06/segmentator/audio/2015-05-01_AlJazeera/overlap-clips/2015-05-01_AlJazeera_1715_1730.mp3 matched with 2015-05-01_AlJazeera_Commercial_CleverGrip.mp3
score:4.0; time:49.41206359863281; match time start:0.0; match time stop:15.047891616821289
/mnt/csx_01/mattia_cerrato/segmentator-23-06/segmentator/audio/2015-05-01_AlJazeera/overlap-clips/2015-05-01_AlJazeera_1694_1709.mp3 matched with 2015-05-01_AlJazeera_Commercial_CleverGrip.mp3
score:10.0; time:28.42122459411621; match time start:0.0; match time stop:15.047891616821289
/mnt/csx_01/mattia_cerrato/segmentator-23-06/segmentator/audio/2015-05-01_AlJazeera/overlap-clips/2015-05-01_AlJazeera_1722_1737.mp3 matched with 2015-05-01_AlJazeera_Commercial_CleverGrip.mp3
score:19.0; time:56.44770812988281; match time start:0.0; match time stop:15.047891616821289
/mnt/csx_01/mattia_cerrato/segmentator-23-06/segmentator/audio/2015-05-01_AlJazeera/overlap-clips/2015-05-01_AlJazeera_1764_1779.mp3 matched with 2015-05-01_AlJazeera_Commercial_CleverGrip.mp3
score:4.0; time:98.45260620117188; match time start:0.0; match time stop:15.047891616821289
