20150704_081313
/mnt/csx_01/mattia_cerrato/segmentator-23-06/segmentator/audio/2014-03-26_WKYC_News/overlap-clips/2014-03-26_WKYC_News_0091_0106.mp3 matched with 2014-03-26_WKYC_News_Commercial_OhioLocal.mp3
score:11.0; time:1.160997748374939; match time start:0.0; match time stop:15.025397300720215
/mnt/csx_01/mattia_cerrato/segmentator-23-06/segmentator/audio/2014-03-26_WKYC_News/overlap-clips/2014-03-26_WKYC_News_0119_0134.mp3 matched with 2014-03-26_WKYC_News_Commercial_OhioLocal.mp3
score:4.0; time:29.164262771606445; match time start:0.0; match time stop:15.025397300720215
/mnt/csx_01/mattia_cerrato/segmentator-23-06/segmentator/audio/2014-03-26_WKYC_News/overlap-clips/2014-03-26_WKYC_News_0609_0624.mp3 matched with 2014-03-26_WKYC_News_Commercial_ToyotaTwo.mp3
score:12.0; time:-2.5774149894714355; match time start:0.0; match time stop:15.025397300720215
/mnt/csx_01/mattia_cerrato/segmentator-23-06/segmentator/audio/2014-03-26_WKYC_News/overlap-clips/2014-03-26_WKYC_News_0602_0617.mp3 matched with 2014-03-26_WKYC_News_Commercial_Toyota.mp3
score:5.0; time:-9.380861282348633; match time start:0.0; match time stop:15.025397300720215
/mnt/csx_01/mattia_cerrato/segmentator-23-06/segmentator/audio/2014-03-26_WKYC_News/overlap-clips/2014-03-26_WKYC_News_0623_0638.mp3 matched with 2014-03-26_WKYC_News_Commercial_RockCasino.mp3
score:4.0; time:-3.5526530742645264; match time start:0.0; match time stop:15.025397300720215
/mnt/csx_01/mattia_cerrato/segmentator-23-06/segmentator/audio/2014-03-26_WKYC_News/overlap-clips/2014-03-26_WKYC_News_0616_0631.mp3 matched with 2014-03-26_WKYC_News_Commercial_Toyota.mp3
score:8.0; time:4.597550868988037; match time start:0.0; match time stop:15.025397300720215
/mnt/csx_01/mattia_cerrato/segmentator-23-06/segmentator/audio/2014-03-26_WKYC_News/overlap-clips/2014-03-26_WKYC_News_0637_0652.mp3 matched with 2014-03-26_WKYC_News_Commercial_RockCasino.mp3
score:5.0; time:10.472199440002441; match time start:0.0; match time stop:15.025397300720215
/mnt/csx_01/mattia_cerrato/segmentator-23-06/segmentator/audio/2014-03-26_WKYC_News/overlap-clips/2014-03-26_WKYC_News_0672_0687.mp3 matched with 2014-03-26_WKYC_News_Commercial_LibertyAutos.mp3
score:5.0; time:15.441269874572754; match time start:0.0; match time stop:15.025397300720215
/mnt/csx_01/mattia_cerrato/segmentator-23-06/segmentator/audio/2014-03-26_WKYC_News/overlap-clips/2014-03-26_WKYC_News_0658_0673.mp3 matched with 2014-03-26_WKYC_News_Commercial_LibertyAutos.mp3
score:7.0; time:1.4396371841430664; match time start:0.0; match time stop:15.025397300720215
/mnt/csx_01/mattia_cerrato/segmentator-23-06/segmentator/audio/2014-03-26_WKYC_News/overlap-clips/2014-03-26_WKYC_News_0735_0750.mp3 matched with 2014-03-26_WKYC_News_Commercial_Toyota.mp3
score:5.0; time:8.498503684997559; match time start:0.0; match time stop:15.025397300720215
/mnt/csx_01/mattia_cerrato/segmentator-23-06/segmentator/audio/2014-03-26_WKYC_News/overlap-clips/2014-03-26_WKYC_News_1015_1030.mp3 matched with 2014-03-26_WKYC_News_Commercial_CarDeals.mp3
score:5.0; time:-5.642448902130127; match time start:0.0; match time stop:15.025397300720215
/mnt/csx_01/mattia_cerrato/segmentator-23-06/segmentator/audio/2014-03-26_WKYC_News/overlap-clips/2014-03-26_WKYC_News_1050_1065.mp3 matched with 2014-03-26_WKYC_News_Commercial_SmoothMusic.mp3
score:4.0; time:-0.8126984238624573; match time start:0.0; match time stop:15.025397300720215
/mnt/csx_01/mattia_cerrato/segmentator-23-06/segmentator/audio/2014-03-26_WKYC_News/overlap-clips/2014-03-26_WKYC_News_1036_1051.mp3 matched with 2014-03-26_WKYC_News_Commercial_HeroinDeaths.mp3
score:14.0; time:0.27863943576812744; match time start:0.0; match time stop:15.025397300720215
/mnt/csx_01/mattia_cerrato/segmentator-23-06/segmentator/audio/2014-03-26_WKYC_News/overlap-clips/2014-03-26_WKYC_News_1071_1086.mp3 matched with 2014-03-26_WKYC_News_Commercial_ClevelandCarShow.mp3
score:4.0; time:5.27092981338501; match time start:0.0; match time stop:15.025397300720215
/mnt/csx_01/mattia_cerrato/segmentator-23-06/segmentator/audio/2014-03-26_WKYC_News/overlap-clips/2014-03-26_WKYC_News_1085_1100.mp3 matched with 2014-03-26_WKYC_News_Commercial_ClevelandCarShow.mp3
score:6.0; time:19.27256202697754; match time start:0.0; match time stop:15.025397300720215
/mnt/csx_01/mattia_cerrato/segmentator-23-06/segmentator/audio/2014-03-26_WKYC_News/overlap-clips/2014-03-26_WKYC_News_1127_1142.mp3 matched with 2014-03-26_WKYC_News_Commercial_CarDeals2.mp3
score:9.0; time:0.5572788715362549; match time start:0.0; match time stop:15.025397300720215
/mnt/csx_01/mattia_cerrato/segmentator-23-06/segmentator/audio/2014-03-26_WKYC_News/overlap-clips/2014-03-26_WKYC_News_1113_1128.mp3 matched with 2014-03-26_WKYC_News_Commercial_ValueCityFurniture].mp3
score:4.0; time:17.298866271972656; match time start:0.0; match time stop:15.025397300720215
/mnt/csx_01/mattia_cerrato/segmentator-23-06/segmentator/audio/2014-03-26_WKYC_News/overlap-clips/2014-03-26_WKYC_News_1449_1464.mp3 matched with 2014-03-26_WKYC_News_Commercial_DrivingSuccess.mp3
score:6.0; time:5.24770975112915; match time start:0.0; match time stop:15.025397300720215
/mnt/csx_01/mattia_cerrato/segmentator-23-06/segmentator/audio/2014-03-26_WKYC_News/overlap-clips/2014-03-26_WKYC_News_1463_1478.mp3 matched with 2014-03-26_WKYC_News_Commercial_DrivingSuccess.mp3
score:9.0; time:19.24934196472168; match time start:0.0; match time stop:15.025397300720215
/mnt/csx_01/mattia_cerrato/segmentator-23-06/segmentator/audio/2014-03-26_WKYC_News/overlap-clips/2014-03-26_WKYC_News_1477_1492.mp3 matched with 2014-03-26_WKYC_News_Commercial_DrivingSuccess.mp3
score:4.0; time:33.227752685546875; match time start:0.0; match time stop:15.025397300720215
/mnt/csx_01/mattia_cerrato/segmentator-23-06/segmentator/audio/2014-03-26_WKYC_News/overlap-clips/2014-03-26_WKYC_News_1470_1485.mp3 matched with 2014-03-26_WKYC_News_Commercial_DrivingSuccess.mp3
score:5.0; time:26.238548278808594; match time start:0.0; match time stop:15.025397300720215
/mnt/csx_01/mattia_cerrato/segmentator-23-06/segmentator/audio/2014-03-26_WKYC_News/overlap-clips/2014-03-26_WKYC_News_1512_1527.mp3 matched with 2014-03-26_WKYC_News_Commercial_MastercardPlatinum.mp3
score:5.0; time:8.405623435974121; match time start:0.0; match time stop:15.025397300720215
/mnt/csx_01/mattia_cerrato/segmentator-23-06/segmentator/audio/2014-03-26_WKYC_News/overlap-clips/2014-03-26_WKYC_News_1568_1583.mp3 matched with 2014-03-26_WKYC_News_Commercial_TonightOnChannel3.mp3
score:7.0; time:4.4117913246154785; match time start:0.0; match time stop:15.025397300720215
/mnt/csx_01/mattia_cerrato/segmentator-23-06/segmentator/audio/2014-03-26_WKYC_News/overlap-clips/2014-03-26_WKYC_News_1715_1730.mp3 matched with 2014-03-26_WKYC_News_Commercial_ColestherolCereal.mp3
score:8.0; time:-3.5526530742645264; match time start:0.0; match time stop:15.025397300720215
/mnt/csx_01/mattia_cerrato/segmentator-23-06/segmentator/audio/2014-03-26_WKYC_News/overlap-clips/2014-03-26_WKYC_News_1722_1737.mp3 matched with 2014-03-26_WKYC_News_Commercial_ColestherolCereal.mp3
score:6.0; time:3.459773063659668; match time start:0.0; match time stop:15.025397300720215
/mnt/csx_01/mattia_cerrato/segmentator-23-06/segmentator/audio/2014-03-26_WKYC_News/overlap-clips/2014-03-26_WKYC_News_1743_1758.mp3 matched with 2014-03-26_WKYC_News_Commercial_GreatLakeHyundai.mp3
score:5.0; time:-5.41024923324585; match time start:0.0; match time stop:15.025397300720215
/mnt/csx_01/mattia_cerrato/segmentator-23-06/segmentator/audio/2014-03-26_WKYC_News/overlap-clips/2014-03-26_WKYC_News_1778_1793.mp3 matched with 2014-03-26_WKYC_News_Commercial_RuthCandles.mp3
score:5.0; time:-0.13931971788406372; match time start:0.0; match time stop:15.025397300720215
/mnt/csx_01/mattia_cerrato/segmentator-23-06/segmentator/audio/2014-03-26_WKYC_News/overlap-clips/2014-03-26_WKYC_News_1757_1772.mp3 matched with 2014-03-26_WKYC_News_Commercial_GreatLakeHyundai.mp3
score:6.0; time:8.56816291809082; match time start:0.0; match time stop:15.025397300720215
/mnt/csx_01/mattia_cerrato/segmentator-23-06/segmentator/audio/2014-03-26_WKYC_News/overlap-clips/2014-03-26_WKYC_News_1785_1800.mp3 matched with 2014-03-26_WKYC_News_Commercial_RuthCandles.mp3
score:7.0; time:6.826666355133057; match time start:0.0; match time stop:15.025397300720215
