This file contains any messages produced by compilers while
running configure, to aid debugging if configure makes a mistake.

It was created by configure, which was
generated by GNU Autoconf 2.53.  Invocation command line was

  $ ./configure --prefix=/home/karansingla/space/Speaker_Dia_RedHen/tools/spro-4.0/binary

## --------- ##
## Platform. ##
## --------- ##

hostname = cartago
uname -m = x86_64
uname -r = 3.12.14
uname -s = Linux
uname -v = #1 SMP Sat Mar 15 17:00:55 PDT 2014

/usr/bin/uname -p = unknown
/bin/uname -X     = unknown

/bin/arch              = unknown
/usr/bin/arch -k       = unknown
/usr/convex/getsysinfo = unknown
hostinfo               = unknown
/bin/machine           = unknown
/usr/bin/oslevel       = unknown
/bin/universe          = unknown

PATH: /usr/local/bin
PATH: /usr/bin
PATH: /bin


## ----------- ##
## Core tests. ##
## ----------- ##

configure:1238: checking for a BSD-compatible install
configure:1292: result: /usr/bin/install -c
configure:1303: checking whether build environment is sane
configure:1346: result: yes
configure:1371: WARNING: `missing' script is too old or missing
configure:1379: checking for gawk
configure:1395: found /usr/bin/gawk
configure:1405: result: gawk
configure:1415: checking whether make sets ${MAKE}
configure:1435: result: yes
configure:1599: checking for a BSD-compatible install
configure:1653: result: /usr/bin/install -c
configure:1705: checking for ranlib
configure:1721: found /usr/bin/ranlib
configure:1732: result: ranlib
configure:1790: checking for gcc
configure:1806: found /usr/bin/gcc
configure:1816: result: gcc
configure:2060: checking for C compiler version
configure:2063: gcc --version </dev/null >&5
gcc (Debian 4.9.2-10) 4.9.2
Copyright (C) 2014 Free Software Foundation, Inc.
This is free software; see the source for copying conditions.  There is NO
warranty; not even for MERCHANTABILITY or FITNESS FOR A PARTICULAR PURPOSE.

configure:2066: $? = 0
configure:2068: gcc -v </dev/null >&5
Using built-in specs.
COLLECT_GCC=gcc
COLLECT_LTO_WRAPPER=/usr/lib/gcc/x86_64-linux-gnu/4.9/lto-wrapper
Target: x86_64-linux-gnu
Configured with: ../src/configure -v --with-pkgversion='Debian 4.9.2-10' --with-bugurl=file:///usr/share/doc/gcc-4.9/README.Bugs --enable-languages=c,c++,java,go,d,fortran,objc,obj-c++ --prefix=/usr --program-suffix=-4.9 --enable-shared --enable-linker-build-id --libexecdir=/usr/lib --without-included-gettext --enable-threads=posix --with-gxx-include-dir=/usr/include/c++/4.9 --libdir=/usr/lib --enable-nls --with-sysroot=/ --enable-clocale=gnu --enable-libstdcxx-debug --enable-libstdcxx-time=yes --enable-gnu-unique-object --disable-vtable-verify --enable-plugin --with-system-zlib --disable-browser-plugin --enable-java-awt=gtk --enable-gtk-cairo --with-java-home=/usr/lib/jvm/java-1.5.0-gcj-4.9-amd64/jre --enable-java-home --with-jvm-root-dir=/usr/lib/jvm/java-1.5.0-gcj-4.9-amd64 --with-jvm-jar-dir=/usr/lib/jvm-exports/java-1.5.0-gcj-4.9-amd64 --with-arch-directory=amd64 --with-ecj-jar=/usr/share/java/eclipse-ecj.jar --enable-objc-gc --enable-multiarch --with-arch-32=i586 --with-abi=m64 --with-multilib-list=m32,m64,mx32 --enable-multilib --with-tune=generic --enable-checking=release --build=x86_64-linux-gnu --host=x86_64-linux-gnu --target=x86_64-linux-gnu
Thread model: posix
gcc version 4.9.2 (Debian 4.9.2-10) 
configure:2071: $? = 0
configure:2073: gcc -V </dev/null >&5
gcc: error: unrecognized command line option '-V'
gcc: fatal error: no input files
compilation terminated.
configure:2076: $? = 4
configure:2102: checking for C compiler default output
configure:2105: gcc    conftest.c  >&5
configure:2108: $? = 0
configure:2141: result: a.out
configure:2146: checking whether the C compiler works
configure:2152: ./a.out
configure:2155: $? = 0
configure:2170: result: yes
configure:2177: checking whether we are cross compiling
configure:2179: result: no
configure:2182: checking for suffix of executables
configure:2184: gcc -o conftest    conftest.c  >&5
configure:2187: $? = 0
configure:2209: result: 
configure:2215: checking for suffix of object files
configure:2239: gcc -c   conftest.c >&5
configure:2242: $? = 0
configure:2261: result: o
configure:2265: checking whether we are using the GNU C compiler
configure:2292: gcc -c   conftest.c >&5
configure:2295: $? = 0
configure:2298: test -s conftest.o
configure:2301: $? = 0
configure:2313: result: yes
configure:2319: checking whether gcc accepts -g
configure:2343: gcc -c -g  conftest.c >&5
configure:2346: $? = 0
configure:2349: test -s conftest.o
configure:2352: $? = 0
configure:2362: result: yes
configure:2389: gcc -c -g -O2  conftest.c >&5
conftest.c:2:3: error: unknown type name 'choke'
   choke me
   ^
conftest.c:2:3: error: expected '=', ',', ';', 'asm' or '__attribute__' at end of input
configure:2392: $? = 1
configure: failed program was:
#ifndef __cplusplus
  choke me
#endif
configure:2521: checking for style of include used by make
configure:2549: result: GNU
configure:2577: checking dependency style of gcc
configure:2639: result: gcc3
configure:2648: checking for gcc option to accept ANSI C
configure:2714: gcc  -c -g -O2  conftest.c >&5
configure:2717: $? = 0
configure:2720: test -s conftest.o
configure:2723: $? = 0
configure:2737: result: none needed
configure:2753: checking how to run the C preprocessor
configure:2779: gcc -E  conftest.c
configure:2785: $? = 0
configure:2812: gcc -E  conftest.c
configure:2808:28: fatal error: ac_nonexistent.h: No such file or directory
 #line $LINENO "configure"
                            ^
compilation terminated.
configure:2818: $? = 1
configure: failed program was:
#line 2807 "configure"
#include "confdefs.h"
#include <ac_nonexistent.h>
configure:2855: result: gcc -E
configure:2870: gcc -E  conftest.c
configure:2876: $? = 0
configure:2903: gcc -E  conftest.c
configure:2899:28: fatal error: ac_nonexistent.h: No such file or directory
 #line $LINENO "configure"
                            ^
compilation terminated.
configure:2909: $? = 1
configure: failed program was:
#line 2898 "configure"
#include "confdefs.h"
#include <ac_nonexistent.h>
configure:2951: checking for AIX
configure:2970: result: no
configure:2976: checking for ANSI C header files
configure:2990: gcc -E  conftest.c
configure:2996: $? = 0
configure:3083: gcc -o conftest -g -O2   conftest.c  >&5
configure: In function 'main':
configure:3074:7: warning: incompatible implicit declaration of built-in function 'exit'
   int i;
       ^
configure:3086: $? = 0
configure:3088: ./conftest
configure:3091: $? = 0
configure:3105: result: yes
configure:3129: checking for sys/types.h
configure:3142: gcc -c -g -O2  conftest.c >&5
configure:3145: $? = 0
configure:3148: test -s conftest.o
configure:3151: $? = 0
configure:3161: result: yes
configure:3129: checking for sys/stat.h
configure:3142: gcc -c -g -O2  conftest.c >&5
configure:3145: $? = 0
configure:3148: test -s conftest.o
configure:3151: $? = 0
configure:3161: result: yes
configure:3129: checking for stdlib.h
configure:3142: gcc -c -g -O2  conftest.c >&5
configure:3145: $? = 0
configure:3148: test -s conftest.o
configure:3151: $? = 0
configure:3161: result: yes
configure:3129: checking for string.h
configure:3142: gcc -c -g -O2  conftest.c >&5
configure:3145: $? = 0
configure:3148: test -s conftest.o
configure:3151: $? = 0
configure:3161: result: yes
configure:3129: checking for memory.h
configure:3142: gcc -c -g -O2  conftest.c >&5
configure:3145: $? = 0
configure:3148: test -s conftest.o
configure:3151: $? = 0
configure:3161: result: yes
configure:3129: checking for strings.h
configure:3142: gcc -c -g -O2  conftest.c >&5
configure:3145: $? = 0
configure:3148: test -s conftest.o
configure:3151: $? = 0
configure:3161: result: yes
configure:3129: checking for inttypes.h
configure:3142: gcc -c -g -O2  conftest.c >&5
configure:3145: $? = 0
configure:3148: test -s conftest.o
configure:3151: $? = 0
configure:3161: result: yes
configure:3129: checking for stdint.h
configure:3142: gcc -c -g -O2  conftest.c >&5
configure:3145: $? = 0
configure:3148: test -s conftest.o
configure:3151: $? = 0
configure:3161: result: yes
configure:3129: checking for unistd.h
configure:3142: gcc -c -g -O2  conftest.c >&5
configure:3145: $? = 0
configure:3148: test -s conftest.o
configure:3151: $? = 0
configure:3161: result: yes
configure:3183: checking minix/config.h usability
configure:3192: gcc -c -g -O2  conftest.c >&5
configure:3220:26: fatal error: minix/config.h: No such file or directory
 _ACEOF
                          ^
compilation terminated.
configure:3195: $? = 1
configure: failed program was:
#line 3185 "configure"
#include "confdefs.h"
#include <stdio.h>
#if HAVE_SYS_TYPES_H
# include <sys/types.h>
#endif
#if HAVE_SYS_STAT_H
# include <sys/stat.h>
#endif
#if STDC_HEADERS
# include <stdlib.h>
# include <stddef.h>
#else
# if HAVE_STDLIB_H
#  include <stdlib.h>
# endif
#endif
#if HAVE_STRING_H
# if !STDC_HEADERS && HAVE_MEMORY_H
#  include <memory.h>
# endif
# include <string.h>
#endif
#if HAVE_STRINGS_H
# include <strings.h>
#endif
#if HAVE_INTTYPES_H
# include <inttypes.h>
#else
# if HAVE_STDINT_H
#  include <stdint.h>
# endif
#endif
#if HAVE_UNISTD_H
# include <unistd.h>
#endif
#include <minix/config.h>
configure:3210: result: no
configure:3214: checking minix/config.h presence
configure:3221: gcc -E  conftest.c
configure:3217:26: fatal error: minix/config.h: No such file or directory
 #line $LINENO "configure"
                          ^
compilation terminated.
configure:3227: $? = 1
configure: failed program was:
#line 3216 "configure"
#include "confdefs.h"
#include <minix/config.h>
configure:3245: result: no
configure:3263: checking for minix/config.h
configure:3270: result: no
configure:3299: checking for library containing strerror
configure:3332: gcc -o conftest -g -O2   conftest.c  >&5
configure:3335: $? = 0
configure:3338: test -s conftest
configure:3341: $? = 0
configure:3400: result: none required
configure:3411: checking for function prototypes
configure:3414: result: yes
configure:3428: checking for ANSI C header files
configure:3557: result: yes
configure:3572: checking for string.h
configure:3577: result: yes
configure:3683: checking for gcc option to accept ANSI C
configure:3746: gcc  -c -g -O2  conftest.c >&5
configure:3749: $? = 0
configure:3752: test -s conftest.o
configure:3755: $? = 0
configure:3772: result: none needed
configure:3780: checking for an ANSI C-conforming const
configure:3850: gcc -c -g -O2  conftest.c >&5
configure:3853: $? = 0
configure:3856: test -s conftest.o
configure:3859: $? = 0
configure:3869: result: yes
configure:3879: checking for inline
configure:3896: gcc -c -g -O2  conftest.c >&5
configure:3899: $? = 0
configure:3902: test -s conftest.o
configure:3905: $? = 0
configure:3916: result: inline
configure:3931: checking whether byte ordering is bigendian
configure:3961: gcc -c -g -O2  conftest.c >&5
configure:3964: $? = 0
configure:3967: test -s conftest.o
configure:3970: $? = 0
configure:3997: gcc -c -g -O2  conftest.c >&5
configure: In function 'main':
configure:3987:2: error: unknown type name 'not'
 {
  ^
configure:3987:10: error: expected '=', ',', ';', 'asm' or '__attribute__' before 'endian'
 {
          ^
configure:4000: $? = 1
configure: failed program was:
#line 3973 "configure"
#include "confdefs.h"
#include <sys/types.h>
#include <sys/param.h>

#ifdef F77_DUMMY_MAIN
#  ifdef __cplusplus
     extern "C"
#  endif
   int F77_DUMMY_MAIN() { return 1; }
#endif
int
main ()
{
#if BYTE_ORDER != BIG_ENDIAN
 not big endian
#endif

  ;
  return 0;
}
configure:4114: result: no
configure:4133: checking for size_t
configure:4160: gcc -c -g -O2  conftest.c >&5
configure:4163: $? = 0
configure:4166: test -s conftest.o
configure:4169: $? = 0
configure:4179: result: yes
configure:4192: checking for char
configure:4219: gcc -c -g -O2  conftest.c >&5
configure:4222: $? = 0
configure:4225: test -s conftest.o
configure:4228: $? = 0
configure:4238: result: yes
configure:4241: checking size of char
configure:4519: gcc -o conftest -g -O2   conftest.c  >&5
configure:4522: $? = 0
configure:4524: ./conftest
configure:4527: $? = 0
configure:4547: result: 1
configure:4554: checking for short
configure:4581: gcc -c -g -O2  conftest.c >&5
configure:4584: $? = 0
configure:4587: test -s conftest.o
configure:4590: $? = 0
configure:4600: result: yes
configure:4603: checking size of short
configure:4881: gcc -o conftest -g -O2   conftest.c  >&5
configure:4884: $? = 0
configure:4886: ./conftest
configure:4889: $? = 0
configure:4909: result: 2
configure:4916: checking for long
configure:4943: gcc -c -g -O2  conftest.c >&5
configure:4946: $? = 0
configure:4949: test -s conftest.o
configure:4952: $? = 0
configure:4962: result: yes
configure:4965: checking size of long
configure:5243: gcc -o conftest -g -O2   conftest.c  >&5
configure:5246: $? = 0
configure:5248: ./conftest
configure:5251: $? = 0
configure:5271: result: 8
configure:5279: checking for ANSI C header files
configure:5408: result: yes
configure:5418: checking whether time.h and sys/time.h may both be included
configure:5446: gcc -c -g -O2  conftest.c >&5
configure:5449: $? = 0
configure:5452: test -s conftest.o
configure:5455: $? = 0
configure:5465: result: yes
configure:5496: checking sys/time.h usability
configure:5505: gcc -c -g -O2  conftest.c >&5
configure:5508: $? = 0
configure:5511: test -s conftest.o
configure:5514: $? = 0
configure:5523: result: yes
configure:5527: checking sys/time.h presence
configure:5534: gcc -E  conftest.c
configure:5540: $? = 0
configure:5558: result: yes
configure:5576: checking for sys/time.h
configure:5583: result: yes
configure:5496: checking limits.h usability
configure:5505: gcc -c -g -O2  conftest.c >&5
configure:5508: $? = 0
configure:5511: test -s conftest.o
configure:5514: $? = 0
configure:5523: result: yes
configure:5527: checking limits.h presence
configure:5534: gcc -E  conftest.c
configure:5540: $? = 0
configure:5558: result: yes
configure:5576: checking for limits.h
configure:5583: result: yes
configure:5496: checking malloc.h usability
configure:5505: gcc -c -g -O2  conftest.c >&5
configure:5508: $? = 0
configure:5511: test -s conftest.o
configure:5514: $? = 0
configure:5523: result: yes
configure:5527: checking malloc.h presence
configure:5534: gcc -E  conftest.c
configure:5540: $? = 0
configure:5558: result: yes
configure:5576: checking for malloc.h
configure:5583: result: yes
configure:5496: checking stdarg.h usability
configure:5505: gcc -c -g -O2  conftest.c >&5
configure:5508: $? = 0
configure:5511: test -s conftest.o
configure:5514: $? = 0
configure:5523: result: yes
configure:5527: checking stdarg.h presence
configure:5534: gcc -E  conftest.c
configure:5540: $? = 0
configure:5558: result: yes
configure:5576: checking for stdarg.h
configure:5583: result: yes
configure:5487: checking for stdlib.h
configure:5492: result: yes
configure:5496: checking math.h usability
configure:5505: gcc -c -g -O2  conftest.c >&5
configure:5508: $? = 0
configure:5511: test -s conftest.o
configure:5514: $? = 0
configure:5523: result: yes
configure:5527: checking math.h presence
configure:5534: gcc -E  conftest.c
configure:5540: $? = 0
configure:5558: result: yes
configure:5576: checking for math.h
configure:5583: result: yes
configure:5487: checking for string.h
configure:5492: result: yes
configure:5496: checking errno.h usability
configure:5505: gcc -c -g -O2  conftest.c >&5
configure:5508: $? = 0
configure:5511: test -s conftest.o
configure:5514: $? = 0
configure:5523: result: yes
configure:5527: checking errno.h presence
configure:5534: gcc -E  conftest.c
configure:5540: $? = 0
configure:5558: result: yes
configure:5576: checking for errno.h
configure:5583: result: yes
configure:5599: checking for working alloca.h
configure:5623: gcc -o conftest -g -O2   conftest.c  >&5
configure:5626: $? = 0
configure:5629: test -s conftest
configure:5632: $? = 0
configure:5642: result: yes
configure:5652: checking for alloca
configure:5696: gcc -o conftest -g -O2   conftest.c  >&5
configure:5699: $? = 0
configure:5702: test -s conftest
configure:5705: $? = 0
configure:5715: result: yes
configure:5909: checking for vprintf
configure:5952: gcc -o conftest -g -O2   conftest.c  >&5
configure:5924:6: warning: conflicting types for built-in function 'vprintf'
 /* We use char because int might match the return type of a gcc2
      ^
configure:5955: $? = 0
configure:5958: test -s conftest
configure:5961: $? = 0
configure:5971: result: yes
configure:5978: checking for _doprnt
configure:6021: gcc -o conftest -g -O2   conftest.c  >&5
/tmp/ccGm6XNK.o: In function `main':
/home/karansingla/space/Speaker_Dia_RedHen/tools/spro-4.0/configure:6011: undefined reference to `_doprnt'
collect2: error: ld returned 1 exit status
configure:6024: $? = 1
configure: failed program was:
#line 5983 "configure"
#include "confdefs.h"
/* System header to define __stub macros and hopefully few prototypes,
    which can conflict with char _doprnt (); below.  */
#include <assert.h>
/* Override any gcc2 internal prototype to avoid an error.  */
#ifdef __cplusplus
extern "C"
#endif
/* We use char because int might match the return type of a gcc2
   builtin and then its argument prototype would still apply.  */
char _doprnt ();
char (*f) ();

#ifdef F77_DUMMY_MAIN
#  ifdef __cplusplus
     extern "C"
#  endif
   int F77_DUMMY_MAIN() { return 1; }
#endif
int
main ()
{
/* The GNU C library defines this for functions which it implements
    to always fail with ENOSYS.  Some functions are actually named
    something starting with __ and the normal name is an alias.  */
#if defined (__stub__doprnt) || defined (__stub____doprnt)
choke me
#else
f = _doprnt;
#endif

  ;
  return 0;
}
configure:6040: result: no
configure:6058: checking if malloc debugging is wanted
configure:6079: result: no
configure:6195: creating ./config.status

## ---------------------- ##
## Running config.status. ##
## ---------------------- ##

This file was extended by config.status, which was
generated by GNU Autoconf 2.53.  Invocation command line was

  CONFIG_FILES    = 
  CONFIG_HEADERS  = 
  CONFIG_LINKS    = 
  CONFIG_COMMANDS = 
  $ ./config.status 

on cartago

config.status:611: creating Makefile
config.status:611: creating doc/Makefile
config.status:611: creating auxdir/Makefile
config.status:611: creating test/Makefile
config.status:611: creating test/ref/Makefile
config.status:611: creating test/dat/Makefile
config.status:715: creating config.h
config.status:858: config.h is unchanged
config.status:959: executing depfiles commands

## ---------------- ##
## Cache variables. ##
## ---------------- ##

ac_cv_c_bigendian=no
ac_cv_c_compiler_gnu=yes
ac_cv_c_const=yes
ac_cv_c_inline=inline
ac_cv_env_CC_set=
ac_cv_env_CC_value=
ac_cv_env_CFLAGS_set=
ac_cv_env_CFLAGS_value=
ac_cv_env_CPPFLAGS_set=
ac_cv_env_CPPFLAGS_value=
ac_cv_env_CPP_set=
ac_cv_env_CPP_value=
ac_cv_env_LDFLAGS_set=
ac_cv_env_LDFLAGS_value=
ac_cv_env_build_alias_set=
ac_cv_env_build_alias_value=
ac_cv_env_host_alias_set=
ac_cv_env_host_alias_value=
ac_cv_env_target_alias_set=
ac_cv_env_target_alias_value=
ac_cv_exeext=
ac_cv_func__doprnt=no
ac_cv_func_alloca_works=yes
ac_cv_func_vprintf=yes
ac_cv_header_errno_h=yes
ac_cv_header_inttypes_h=yes
ac_cv_header_limits_h=yes
ac_cv_header_malloc_h=yes
ac_cv_header_math_h=yes
ac_cv_header_memory_h=yes
ac_cv_header_minix_config_h=no
ac_cv_header_stdarg_h=yes
ac_cv_header_stdc=yes
ac_cv_header_stdint_h=yes
ac_cv_header_stdlib_h=yes
ac_cv_header_string_h=yes
ac_cv_header_strings_h=yes
ac_cv_header_sys_stat_h=yes
ac_cv_header_sys_time_h=yes
ac_cv_header_sys_types_h=yes
ac_cv_header_time=yes
ac_cv_header_unistd_h=yes
ac_cv_objext=o
ac_cv_path_install='/usr/bin/install -c'
ac_cv_prog_AWK=gawk
ac_cv_prog_CPP='gcc -E'
ac_cv_prog_ac_ct_CC=gcc
ac_cv_prog_ac_ct_RANLIB=ranlib
ac_cv_prog_cc_g=yes
ac_cv_prog_cc_stdc=
ac_cv_prog_make_make_set=yes
ac_cv_search_strerror='none required'
ac_cv_sizeof_char=1
ac_cv_sizeof_long=8
ac_cv_sizeof_short=2
ac_cv_type_char=yes
ac_cv_type_long=yes
ac_cv_type_short=yes
ac_cv_type_size_t=yes
ac_cv_working_alloca_h=yes
am_cv_CC_dependencies_compiler_type=gcc3
am_cv_prog_cc_stdc=

## ----------- ##
## confdefs.h. ##
## ----------- ##

#define PACKAGE_NAME ""
#define PACKAGE_TARNAME ""
#define PACKAGE_VERSION ""
#define PACKAGE_STRING ""
#define PACKAGE_BUGREPORT ""
#define PACKAGE "spro"
#define VERSION "4.0"
#define STDC_HEADERS 1
#define HAVE_SYS_TYPES_H 1
#define HAVE_SYS_STAT_H 1
#define HAVE_STDLIB_H 1
#define HAVE_STRING_H 1
#define HAVE_MEMORY_H 1
#define HAVE_STRINGS_H 1
#define HAVE_INTTYPES_H 1
#define HAVE_STDINT_H 1
#define HAVE_UNISTD_H 1
#define PROTOTYPES 1
#define STDC_HEADERS 1
#define HAVE_STRING_H 1
#define SIZEOF_CHAR 1
#define SIZEOF_SHORT 2
#define SIZEOF_LONG 8
#define STDC_HEADERS 1
#define TIME_WITH_SYS_TIME 1
#define HAVE_SYS_TIME_H 1
#define HAVE_LIMITS_H 1
#define HAVE_MALLOC_H 1
#define HAVE_STDARG_H 1
#define HAVE_STDLIB_H 1
#define HAVE_MATH_H 1
#define HAVE_STRING_H 1
#define HAVE_ERRNO_H 1
#define HAVE_ALLOCA_H 1
#define HAVE_ALLOCA 1
#define HAVE_VPRINTF 1

configure: exit 0
